Analysis & Synthesis report for lab07
Sun Nov 03 13:11:14 2019
Quartus Prime Version 17.1.0 Build 590 10/25/2017 SJ Lite Edition


---------------------
; Table of Contents ;
---------------------
  1. Legal Notice
  2. Analysis & Synthesis Summary
  3. Analysis & Synthesis Settings
  4. Parallel Compilation
  5. Analysis & Synthesis Source Files Read
  6. Analysis & Synthesis Resource Usage Summary
  7. Analysis & Synthesis Resource Utilization by Entity
  8. Analysis & Synthesis RAM Summary
  9. Analysis & Synthesis IP Cores Summary
 10. Registers Removed During Synthesis
 11. Removed Registers Triggering Further Register Optimizations
 12. General Register Statistics
 13. Source assignments for RAM2:ram2|altsyncram:altsyncram_component|altsyncram_edv1:auto_generated
 14. Parameter Settings for User Entity Instance: RAM2:ram2|altsyncram:altsyncram_component
 15. altsyncram Parameter Settings by Entity Instance
 16. Port Connectivity Checks: "RAM2:ram2"
 17. Port Connectivity Checks: "RAM1:ram1"
 18. Post-Synthesis Netlist Statistics for Top Partition
 19. Elapsed Time Per Partition
 20. Analysis & Synthesis Messages



----------------
; Legal Notice ;
----------------
Copyright (C) 2017  Intel Corporation. All rights reserved.
Your use of Intel Corporation's design tools, logic functions 
and other software and tools, and its AMPP partner logic 
functions, and any output files from any of the foregoing 
(including device programming or simulation files), and any 
associated documentation or information are expressly subject 
to the terms and conditions of the Intel Program License 
Subscription Agreement, the Intel Quartus Prime License Agreement,
the Intel FPGA IP License Agreement, or other applicable license
agreement, including, without limitation, that your use is for
the sole purpose of programming logic devices manufactured by
Intel and sold by Intel or its authorized distributors.  Please
refer to the applicable agreement for further details.



+-------------------------------------------------------------------------------+
; Analysis & Synthesis Summary                                                  ;
+---------------------------------+---------------------------------------------+
; Analysis & Synthesis Status     ; Successful - Sun Nov 03 13:11:14 2019       ;
; Quartus Prime Version           ; 17.1.0 Build 590 10/25/2017 SJ Lite Edition ;
; Revision Name                   ; lab07                                       ;
; Top-level Entity Name           ; lab07                                       ;
; Family                          ; Cyclone V                                   ;
; Logic utilization (in ALMs)     ; N/A                                         ;
; Total registers                 ; 59                                          ;
; Total pins                      ; 74                                          ;
; Total virtual pins              ; 0                                           ;
; Total block memory bits         ; 128                                         ;
; Total DSP Blocks                ; 0                                           ;
; Total HSSI RX PCSs              ; 0                                           ;
; Total HSSI PMA RX Deserializers ; 0                                           ;
; Total HSSI TX PCSs              ; 0                                           ;
; Total HSSI PMA TX Serializers   ; 0                                           ;
; Total PLLs                      ; 0                                           ;
; Total DLLs                      ; 0                                           ;
+---------------------------------+---------------------------------------------+


+---------------------------------------------------------------------------------------------------------------------------+
; Analysis & Synthesis Settings                                                                                             ;
+---------------------------------------------------------------------------------+--------------------+--------------------+
; Option                                                                          ; Setting            ; Default Value      ;
+---------------------------------------------------------------------------------+--------------------+--------------------+
; Device                                                                          ; 5CSXFC6D6F31C6     ;                    ;
; Top-level entity name                                                           ; lab07              ; lab07              ;
; Family name                                                                     ; Cyclone V          ; Cyclone V          ;
; Use smart compilation                                                           ; Off                ; Off                ;
; Enable parallel Assembler and TimeQuest Timing Analyzer during compilation      ; On                 ; On                 ;
; Enable compact report table                                                     ; Off                ; Off                ;
; Restructure Multiplexers                                                        ; Auto               ; Auto               ;
; MLAB Add Timing Constraints For Mixed-Port Feed-Through Mode Setting Don't Care ; Off                ; Off                ;
; Create Debugging Nodes for IP Cores                                             ; Off                ; Off                ;
; Preserve fewer node names                                                       ; On                 ; On                 ;
; Intel FPGA IP Evaluation Mode                                                   ; Enable             ; Enable             ;
; Verilog Version                                                                 ; Verilog_2001       ; Verilog_2001       ;
; VHDL Version                                                                    ; VHDL_1993          ; VHDL_1993          ;
; State Machine Processing                                                        ; Auto               ; Auto               ;
; Safe State Machine                                                              ; Off                ; Off                ;
; Extract Verilog State Machines                                                  ; On                 ; On                 ;
; Extract VHDL State Machines                                                     ; On                 ; On                 ;
; Ignore Verilog initial constructs                                               ; Off                ; Off                ;
; Iteration limit for constant Verilog loops                                      ; 5000               ; 5000               ;
; Iteration limit for non-constant Verilog loops                                  ; 250                ; 250                ;
; Add Pass-Through Logic to Inferred RAMs                                         ; On                 ; On                 ;
; Infer RAMs from Raw Logic                                                       ; On                 ; On                 ;
; Parallel Synthesis                                                              ; On                 ; On                 ;
; DSP Block Balancing                                                             ; Auto               ; Auto               ;
; NOT Gate Push-Back                                                              ; On                 ; On                 ;
; Power-Up Don't Care                                                             ; On                 ; On                 ;
; Remove Redundant Logic Cells                                                    ; Off                ; Off                ;
; Remove Duplicate Registers                                                      ; On                 ; On                 ;
; Ignore CARRY Buffers                                                            ; Off                ; Off                ;
; Ignore CASCADE Buffers                                                          ; Off                ; Off                ;
; Ignore GLOBAL Buffers                                                           ; Off                ; Off                ;
; Ignore ROW GLOBAL Buffers                                                       ; Off                ; Off                ;
; Ignore LCELL Buffers                                                            ; Off                ; Off                ;
; Ignore SOFT Buffers                                                             ; On                 ; On                 ;
; Limit AHDL Integers to 32 Bits                                                  ; Off                ; Off                ;
; Optimization Technique                                                          ; Balanced           ; Balanced           ;
; Carry Chain Length                                                              ; 70                 ; 70                 ;
; Auto Carry Chains                                                               ; On                 ; On                 ;
; Auto Open-Drain Pins                                                            ; On                 ; On                 ;
; Perform WYSIWYG Primitive Resynthesis                                           ; Off                ; Off                ;
; Auto ROM Replacement                                                            ; On                 ; On                 ;
; Auto RAM Replacement                                                            ; On                 ; On                 ;
; Auto DSP Block Replacement                                                      ; On                 ; On                 ;
; Auto Shift Register Replacement                                                 ; Auto               ; Auto               ;
; Allow Shift Register Merging across Hierarchies                                 ; Auto               ; Auto               ;
; Auto Clock Enable Replacement                                                   ; On                 ; On                 ;
; Strict RAM Replacement                                                          ; Off                ; Off                ;
; Allow Synchronous Control Signals                                               ; On                 ; On                 ;
; Force Use of Synchronous Clear Signals                                          ; Off                ; Off                ;
; Auto Resource Sharing                                                           ; Off                ; Off                ;
; Allow Any RAM Size For Recognition                                              ; Off                ; Off                ;
; Allow Any ROM Size For Recognition                                              ; Off                ; Off                ;
; Allow Any Shift Register Size For Recognition                                   ; Off                ; Off                ;
; Use LogicLock Constraints during Resource Balancing                             ; On                 ; On                 ;
; Ignore translate_off and synthesis_off directives                               ; Off                ; Off                ;
; Timing-Driven Synthesis                                                         ; On                 ; On                 ;
; Report Parameter Settings                                                       ; On                 ; On                 ;
; Report Source Assignments                                                       ; On                 ; On                 ;
; Report Connectivity Checks                                                      ; On                 ; On                 ;
; Ignore Maximum Fan-Out Assignments                                              ; Off                ; Off                ;
; Synchronization Register Chain Length                                           ; 3                  ; 3                  ;
; Power Optimization During Synthesis                                             ; Normal compilation ; Normal compilation ;
; HDL message level                                                               ; Level2             ; Level2             ;
; Suppress Register Optimization Related Messages                                 ; Off                ; Off                ;
; Number of Removed Registers Reported in Synthesis Report                        ; 5000               ; 5000               ;
; Number of Swept Nodes Reported in Synthesis Report                              ; 5000               ; 5000               ;
; Number of Inverted Registers Reported in Synthesis Report                       ; 100                ; 100                ;
; Clock MUX Protection                                                            ; On                 ; On                 ;
; Auto Gated Clock Conversion                                                     ; Off                ; Off                ;
; Block Design Naming                                                             ; Auto               ; Auto               ;
; SDC constraint protection                                                       ; Off                ; Off                ;
; Synthesis Effort                                                                ; Auto               ; Auto               ;
; Shift Register Replacement - Allow Asynchronous Clear Signal                    ; On                 ; On                 ;
; Pre-Mapping Resynthesis Optimization                                            ; Off                ; Off                ;
; Analysis & Synthesis Message Level                                              ; Medium             ; Medium             ;
; Disable Register Merging Across Hierarchies                                     ; Auto               ; Auto               ;
; Resource Aware Inference For Block RAM                                          ; On                 ; On                 ;
; Automatic Parallel Synthesis                                                    ; On                 ; On                 ;
; Partial Reconfiguration Bitstream ID                                            ; Off                ; Off                ;
+---------------------------------------------------------------------------------+--------------------+--------------------+


+------------------------------------------+
; Parallel Compilation                     ;
+----------------------------+-------------+
; Processors                 ; Number      ;
+----------------------------+-------------+
; Number detected on machine ; 8           ;
; Maximum allowed            ; 4           ;
;                            ;             ;
; Average used               ; 1.00        ;
; Maximum used               ; 4           ;
;                            ;             ;
; Usage by Processor         ; % Time Used ;
;     Processor 1            ; 100.0%      ;
;     Processors 2-4         ;   0.0%      ;
+----------------------------+-------------+


+--------------------------------------------------------------------------------------------------------------------------------------------------------------------+
; Analysis & Synthesis Source Files Read                                                                                                                             ;
+----------------------------------+-----------------+----------------------------------+------------------------------------------------------------------+---------+
; File Name with User-Entered Path ; Used in Netlist ; File Type                        ; File Name with Absolute Path                                     ; Library ;
+----------------------------------+-----------------+----------------------------------+------------------------------------------------------------------+---------+
; lab07.v                          ; yes             ; User Verilog HDL File            ; D:/quartus/mydesign/lab07/lab07.v                                ;         ;
; RAM1.v                           ; yes             ; User Verilog HDL File            ; D:/quartus/mydesign/lab07/RAM1.v                                 ;         ;
; lab07.mif                        ; yes             ; User Memory Initialization File  ; D:/quartus/mydesign/lab07/lab07.mif                              ;         ;
; RAM2.v                           ; yes             ; User Verilog HDL File            ; D:/quartus/mydesign/lab07/RAM2.v                                 ;         ;
; mem1.txt                         ; yes             ; Auto-Found File                  ; D:/quartus/mydesign/lab07/mem1.txt                               ;         ;
; altsyncram.tdf                   ; yes             ; Megafunction                     ; d:/quartus/quartus/libraries/megafunctions/altsyncram.tdf        ;         ;
; stratix_ram_block.inc            ; yes             ; Megafunction                     ; d:/quartus/quartus/libraries/megafunctions/stratix_ram_block.inc ;         ;
; lpm_mux.inc                      ; yes             ; Megafunction                     ; d:/quartus/quartus/libraries/megafunctions/lpm_mux.inc           ;         ;
; lpm_decode.inc                   ; yes             ; Megafunction                     ; d:/quartus/quartus/libraries/megafunctions/lpm_decode.inc        ;         ;
; aglobal171.inc                   ; yes             ; Megafunction                     ; d:/quartus/quartus/libraries/megafunctions/aglobal171.inc        ;         ;
; a_rdenreg.inc                    ; yes             ; Megafunction                     ; d:/quartus/quartus/libraries/megafunctions/a_rdenreg.inc         ;         ;
; altrom.inc                       ; yes             ; Megafunction                     ; d:/quartus/quartus/libraries/megafunctions/altrom.inc            ;         ;
; altram.inc                       ; yes             ; Megafunction                     ; d:/quartus/quartus/libraries/megafunctions/altram.inc            ;         ;
; altdpram.inc                     ; yes             ; Megafunction                     ; d:/quartus/quartus/libraries/megafunctions/altdpram.inc          ;         ;
; db/altsyncram_edv1.tdf           ; yes             ; Auto-Generated Megafunction      ; D:/quartus/mydesign/lab07/db/altsyncram_edv1.tdf                 ;         ;
+----------------------------------+-----------------+----------------------------------+------------------------------------------------------------------+---------+


+------------------------------------------------------------+
; Analysis & Synthesis Resource Usage Summary                ;
+---------------------------------------------+--------------+
; Resource                                    ; Usage        ;
+---------------------------------------------+--------------+
; Estimate of Logic utilization (ALMs needed) ; 45           ;
;                                             ;              ;
; Combinational ALUT usage for logic          ; 58           ;
;     -- 7 input functions                    ; 0            ;
;     -- 6 input functions                    ; 16           ;
;     -- 5 input functions                    ; 16           ;
;     -- 4 input functions                    ; 7            ;
;     -- <=3 input functions                  ; 19           ;
;                                             ;              ;
; Dedicated logic registers                   ; 59           ;
;                                             ;              ;
; I/O pins                                    ; 74           ;
; Total MLAB memory bits                      ; 0            ;
; Total block memory bits                     ; 128          ;
;                                             ;              ;
; Total DSP Blocks                            ; 0            ;
;                                             ;              ;
; Maximum fan-out node                        ; KEY[1]~input ;
; Maximum fan-out                             ; 67           ;
; Total fan-out                               ; 557          ;
; Average fan-out                             ; 2.04         ;
+---------------------------------------------+--------------+


+-----------------------------------------------------------------------------------------------------------------------------------------------------------------------------------------------------------------------------------------------------------------------+
; Analysis & Synthesis Resource Utilization by Entity                                                                                                                                                                                                                   ;
+-------------------------------------------+---------------------+---------------------------+-------------------+------------+------+--------------+---------------------------------------------------------------------------------+-----------------+--------------+
; Compilation Hierarchy Node                ; Combinational ALUTs ; Dedicated Logic Registers ; Block Memory Bits ; DSP Blocks ; Pins ; Virtual Pins ; Full Hierarchy Name                                                             ; Entity Name     ; Library Name ;
+-------------------------------------------+---------------------+---------------------------+-------------------+------------+------+--------------+---------------------------------------------------------------------------------+-----------------+--------------+
; |lab07                                    ; 58 (1)              ; 59 (0)                    ; 128               ; 0          ; 74   ; 0            ; |lab07                                                                          ; lab07           ; work         ;
;    |RAM1:ram1|                            ; 57 (57)             ; 59 (59)                   ; 0                 ; 0          ; 0    ; 0            ; |lab07|RAM1:ram1                                                                ; RAM1            ; work         ;
;    |RAM2:ram2|                            ; 0 (0)               ; 0 (0)                     ; 128               ; 0          ; 0    ; 0            ; |lab07|RAM2:ram2                                                                ; RAM2            ; work         ;
;       |altsyncram:altsyncram_component|   ; 0 (0)               ; 0 (0)                     ; 128               ; 0          ; 0    ; 0            ; |lab07|RAM2:ram2|altsyncram:altsyncram_component                                ; altsyncram      ; work         ;
;          |altsyncram_edv1:auto_generated| ; 0 (0)               ; 0 (0)                     ; 128               ; 0          ; 0    ; 0            ; |lab07|RAM2:ram2|altsyncram:altsyncram_component|altsyncram_edv1:auto_generated ; altsyncram_edv1 ; work         ;
+-------------------------------------------+---------------------+---------------------------+-------------------+------------+------+--------------+---------------------------------------------------------------------------------+-----------------+--------------+
Note: For table entries with two numbers listed, the numbers in parentheses indicate the number of resources of the given type used by the specific entity alone. The numbers listed outside of parentheses indicate the total resources of the given type used by the specific entity and all of its sub-entities in the hierarchy.


+----------------------------------------------------------------------------------------------------------------------------------------------------------------------------------------------+
; Analysis & Synthesis RAM Summary                                                                                                                                                             ;
+-------------------------------------------------------------------------------------+------+------------------+--------------+--------------+--------------+--------------+------+-----------+
; Name                                                                                ; Type ; Mode             ; Port A Depth ; Port A Width ; Port B Depth ; Port B Width ; Size ; MIF       ;
+-------------------------------------------------------------------------------------+------+------------------+--------------+--------------+--------------+--------------+------+-----------+
; RAM2:ram2|altsyncram:altsyncram_component|altsyncram_edv1:auto_generated|ALTSYNCRAM ; AUTO ; Simple Dual Port ; 16           ; 8            ; 16           ; 8            ; 128  ; lab07.mif ;
+-------------------------------------------------------------------------------------+------+------------------+--------------+--------------+--------------+--------------+------+-----------+


+----------------------------------------------------------------------------------------------------+
; Analysis & Synthesis IP Cores Summary                                                              ;
+--------+--------------+---------+--------------+--------------+------------------+-----------------+
; Vendor ; IP Core Name ; Version ; Release Date ; License Type ; Entity Instance  ; IP Include File ;
+--------+--------------+---------+--------------+--------------+------------------+-----------------+
; N/A    ; RAM: 2-PORT  ; 17.1    ; N/A          ; N/A          ; |lab07|RAM2:ram2 ;                 ;
+--------+--------------+---------+--------------+--------------+------------------+-----------------+


+---------------------------------------------------------------------------------+
; Registers Removed During Synthesis                                              ;
+----------------------------------------+----------------------------------------+
; Register name                          ; Reason for Removal                     ;
+----------------------------------------+----------------------------------------+
; RAM1:ram1|ram~2                        ; Stuck at GND due to stuck port data_in ;
; RAM1:ram1|ram~10                       ; Stuck at GND due to stuck port data_in ;
; RAM1:ram1|ram~18                       ; Stuck at GND due to stuck port data_in ;
; RAM1:ram1|ram~26                       ; Stuck at GND due to stuck port data_in ;
; RAM1:ram1|ram~66                       ; Stuck at GND due to stuck port data_in ;
; RAM1:ram1|ram~74                       ; Stuck at GND due to stuck port data_in ;
; RAM1:ram1|ram~82                       ; Stuck at GND due to stuck port data_in ;
; RAM1:ram1|ram~90                       ; Stuck at GND due to stuck port data_in ;
; RAM1:ram1|ram~3                        ; Stuck at GND due to stuck port data_in ;
; RAM1:ram1|ram~11                       ; Stuck at GND due to stuck port data_in ;
; RAM1:ram1|ram~19                       ; Stuck at GND due to stuck port data_in ;
; RAM1:ram1|ram~27                       ; Stuck at GND due to stuck port data_in ;
; RAM1:ram1|ram~35                       ; Stuck at GND due to stuck port data_in ;
; RAM1:ram1|ram~43                       ; Stuck at GND due to stuck port data_in ;
; RAM1:ram1|ram~51                       ; Stuck at GND due to stuck port data_in ;
; RAM1:ram1|ram~59                       ; Stuck at GND due to stuck port data_in ;
; RAM1:ram1|ram~4                        ; Stuck at GND due to stuck port data_in ;
; RAM1:ram1|ram~12                       ; Stuck at GND due to stuck port data_in ;
; RAM1:ram1|ram~20                       ; Stuck at GND due to stuck port data_in ;
; RAM1:ram1|ram~28                       ; Stuck at GND due to stuck port data_in ;
; RAM1:ram1|ram~36                       ; Stuck at GND due to stuck port data_in ;
; RAM1:ram1|ram~44                       ; Stuck at GND due to stuck port data_in ;
; RAM1:ram1|ram~52                       ; Stuck at GND due to stuck port data_in ;
; RAM1:ram1|ram~60                       ; Stuck at GND due to stuck port data_in ;
; RAM1:ram1|ram~68                       ; Stuck at GND due to stuck port data_in ;
; RAM1:ram1|ram~76                       ; Stuck at GND due to stuck port data_in ;
; RAM1:ram1|ram~84                       ; Stuck at GND due to stuck port data_in ;
; RAM1:ram1|ram~92                       ; Stuck at GND due to stuck port data_in ;
; RAM1:ram1|ram~100                      ; Stuck at GND due to stuck port data_in ;
; RAM1:ram1|ram~108                      ; Stuck at GND due to stuck port data_in ;
; RAM1:ram1|ram~116                      ; Stuck at GND due to stuck port data_in ;
; RAM1:ram1|ram~124                      ; Stuck at GND due to stuck port data_in ;
; RAM1:ram1|ram~5                        ; Stuck at GND due to stuck port data_in ;
; RAM1:ram1|ram~13                       ; Stuck at GND due to stuck port data_in ;
; RAM1:ram1|ram~21                       ; Stuck at GND due to stuck port data_in ;
; RAM1:ram1|ram~29                       ; Stuck at GND due to stuck port data_in ;
; RAM1:ram1|ram~37                       ; Stuck at GND due to stuck port data_in ;
; RAM1:ram1|ram~45                       ; Stuck at GND due to stuck port data_in ;
; RAM1:ram1|ram~53                       ; Stuck at GND due to stuck port data_in ;
; RAM1:ram1|ram~61                       ; Stuck at GND due to stuck port data_in ;
; RAM1:ram1|ram~69                       ; Stuck at GND due to stuck port data_in ;
; RAM1:ram1|ram~77                       ; Stuck at GND due to stuck port data_in ;
; RAM1:ram1|ram~85                       ; Stuck at GND due to stuck port data_in ;
; RAM1:ram1|ram~93                       ; Stuck at GND due to stuck port data_in ;
; RAM1:ram1|ram~101                      ; Stuck at GND due to stuck port data_in ;
; RAM1:ram1|ram~109                      ; Stuck at GND due to stuck port data_in ;
; RAM1:ram1|ram~117                      ; Stuck at GND due to stuck port data_in ;
; RAM1:ram1|ram~125                      ; Stuck at GND due to stuck port data_in ;
; RAM1:ram1|ram~6                        ; Stuck at GND due to stuck port data_in ;
; RAM1:ram1|ram~14                       ; Stuck at GND due to stuck port data_in ;
; RAM1:ram1|ram~22                       ; Stuck at GND due to stuck port data_in ;
; RAM1:ram1|ram~30                       ; Stuck at GND due to stuck port data_in ;
; RAM1:ram1|ram~38                       ; Stuck at GND due to stuck port data_in ;
; RAM1:ram1|ram~46                       ; Stuck at GND due to stuck port data_in ;
; RAM1:ram1|ram~54                       ; Stuck at GND due to stuck port data_in ;
; RAM1:ram1|ram~62                       ; Stuck at GND due to stuck port data_in ;
; RAM1:ram1|ram~70                       ; Stuck at GND due to stuck port data_in ;
; RAM1:ram1|ram~78                       ; Stuck at GND due to stuck port data_in ;
; RAM1:ram1|ram~86                       ; Stuck at GND due to stuck port data_in ;
; RAM1:ram1|ram~94                       ; Stuck at GND due to stuck port data_in ;
; RAM1:ram1|ram~102                      ; Stuck at GND due to stuck port data_in ;
; RAM1:ram1|ram~110                      ; Stuck at GND due to stuck port data_in ;
; RAM1:ram1|ram~118                      ; Stuck at GND due to stuck port data_in ;
; RAM1:ram1|ram~126                      ; Stuck at GND due to stuck port data_in ;
; RAM1:ram1|ram~7                        ; Stuck at GND due to stuck port data_in ;
; RAM1:ram1|ram~15                       ; Stuck at GND due to stuck port data_in ;
; RAM1:ram1|ram~23                       ; Stuck at GND due to stuck port data_in ;
; RAM1:ram1|ram~31                       ; Stuck at GND due to stuck port data_in ;
; RAM1:ram1|ram~39                       ; Stuck at GND due to stuck port data_in ;
; RAM1:ram1|ram~47                       ; Stuck at GND due to stuck port data_in ;
; RAM1:ram1|ram~55                       ; Stuck at GND due to stuck port data_in ;
; RAM1:ram1|ram~63                       ; Stuck at GND due to stuck port data_in ;
; RAM1:ram1|ram~71                       ; Stuck at GND due to stuck port data_in ;
; RAM1:ram1|ram~79                       ; Stuck at GND due to stuck port data_in ;
; RAM1:ram1|ram~87                       ; Stuck at GND due to stuck port data_in ;
; RAM1:ram1|ram~95                       ; Stuck at GND due to stuck port data_in ;
; RAM1:ram1|ram~103                      ; Stuck at GND due to stuck port data_in ;
; RAM1:ram1|ram~111                      ; Stuck at GND due to stuck port data_in ;
; RAM1:ram1|ram~119                      ; Stuck at GND due to stuck port data_in ;
; RAM1:ram1|ram~127                      ; Stuck at GND due to stuck port data_in ;
; RAM1:ram1|dout[4..7]                   ; Stuck at GND due to stuck port data_in ;
; RAM1:ram1|dout_tens[0..5]              ; Stuck at GND due to stuck port data_in ;
; RAM1:ram1|dout_tens[6]                 ; Stuck at VCC due to stuck port data_in ;
; Total Number of Removed Registers = 91 ;                                        ;
+----------------------------------------+----------------------------------------+


+-----------------------------------------------------------------------------------------------------------------------+
; Removed Registers Triggering Further Register Optimizations                                                           ;
+-----------------+---------------------------+-------------------------------------------------------------------------+
; Register name   ; Reason for Removal        ; Registers Removed due to This Register                                  ;
+-----------------+---------------------------+-------------------------------------------------------------------------+
; RAM1:ram1|ram~4 ; Stuck at GND              ; RAM1:ram1|dout[4], RAM1:ram1|dout_tens[0], RAM1:ram1|dout_tens[1],      ;
;                 ; due to stuck port data_in ; RAM1:ram1|dout_tens[2], RAM1:ram1|dout_tens[3], RAM1:ram1|dout_tens[4], ;
;                 ;                           ; RAM1:ram1|dout_tens[5], RAM1:ram1|dout_tens[6]                          ;
; RAM1:ram1|ram~5 ; Stuck at GND              ; RAM1:ram1|dout[5]                                                       ;
;                 ; due to stuck port data_in ;                                                                         ;
; RAM1:ram1|ram~6 ; Stuck at GND              ; RAM1:ram1|dout[6]                                                       ;
;                 ; due to stuck port data_in ;                                                                         ;
; RAM1:ram1|ram~7 ; Stuck at GND              ; RAM1:ram1|dout[7]                                                       ;
;                 ; due to stuck port data_in ;                                                                         ;
+-----------------+---------------------------+-------------------------------------------------------------------------+


+------------------------------------------------------+
; General Register Statistics                          ;
+----------------------------------------------+-------+
; Statistic                                    ; Value ;
+----------------------------------------------+-------+
; Total registers                              ; 59    ;
; Number of registers using Synchronous Clear  ; 0     ;
; Number of registers using Synchronous Load   ; 0     ;
; Number of registers using Asynchronous Clear ; 0     ;
; Number of registers using Asynchronous Load  ; 0     ;
; Number of registers using Clock Enable       ; 48    ;
; Number of registers using Preset             ; 0     ;
+----------------------------------------------+-------+


+-------------------------------------------------------------------------------------------------+
; Source assignments for RAM2:ram2|altsyncram:altsyncram_component|altsyncram_edv1:auto_generated ;
+---------------------------------+--------------------+------+-----------------------------------+
; Assignment                      ; Value              ; From ; To                                ;
+---------------------------------+--------------------+------+-----------------------------------+
; OPTIMIZE_POWER_DURING_SYNTHESIS ; NORMAL_COMPILATION ; -    ; -                                 ;
+---------------------------------+--------------------+------+-----------------------------------+


+----------------------------------------------------------------------------------------+
; Parameter Settings for User Entity Instance: RAM2:ram2|altsyncram:altsyncram_component ;
+------------------------------------+----------------------+----------------------------+
; Parameter Name                     ; Value                ; Type                       ;
+------------------------------------+----------------------+----------------------------+
; BYTE_SIZE_BLOCK                    ; 8                    ; Untyped                    ;
; AUTO_CARRY_CHAINS                  ; ON                   ; AUTO_CARRY                 ;
; IGNORE_CARRY_BUFFERS               ; OFF                  ; IGNORE_CARRY               ;
; AUTO_CASCADE_CHAINS                ; ON                   ; AUTO_CASCADE               ;
; IGNORE_CASCADE_BUFFERS             ; OFF                  ; IGNORE_CASCADE             ;
; WIDTH_BYTEENA                      ; 1                    ; Untyped                    ;
; OPERATION_MODE                     ; DUAL_PORT            ; Untyped                    ;
; WIDTH_A                            ; 8                    ; Signed Integer             ;
; WIDTHAD_A                          ; 4                    ; Signed Integer             ;
; NUMWORDS_A                         ; 16                   ; Signed Integer             ;
; OUTDATA_REG_A                      ; UNREGISTERED         ; Untyped                    ;
; ADDRESS_ACLR_A                     ; NONE                 ; Untyped                    ;
; OUTDATA_ACLR_A                     ; NONE                 ; Untyped                    ;
; WRCONTROL_ACLR_A                   ; NONE                 ; Untyped                    ;
; INDATA_ACLR_A                      ; NONE                 ; Untyped                    ;
; BYTEENA_ACLR_A                     ; NONE                 ; Untyped                    ;
; WIDTH_B                            ; 8                    ; Signed Integer             ;
; WIDTHAD_B                          ; 4                    ; Signed Integer             ;
; NUMWORDS_B                         ; 16                   ; Signed Integer             ;
; INDATA_REG_B                       ; CLOCK1               ; Untyped                    ;
; WRCONTROL_WRADDRESS_REG_B          ; CLOCK1               ; Untyped                    ;
; RDCONTROL_REG_B                    ; CLOCK1               ; Untyped                    ;
; ADDRESS_REG_B                      ; CLOCK0               ; Untyped                    ;
; OUTDATA_REG_B                      ; CLOCK0               ; Untyped                    ;
; BYTEENA_REG_B                      ; CLOCK1               ; Untyped                    ;
; INDATA_ACLR_B                      ; NONE                 ; Untyped                    ;
; WRCONTROL_ACLR_B                   ; NONE                 ; Untyped                    ;
; ADDRESS_ACLR_B                     ; NONE                 ; Untyped                    ;
; OUTDATA_ACLR_B                     ; NONE                 ; Untyped                    ;
; RDCONTROL_ACLR_B                   ; NONE                 ; Untyped                    ;
; BYTEENA_ACLR_B                     ; NONE                 ; Untyped                    ;
; WIDTH_BYTEENA_A                    ; 1                    ; Signed Integer             ;
; WIDTH_BYTEENA_B                    ; 1                    ; Untyped                    ;
; RAM_BLOCK_TYPE                     ; AUTO                 ; Untyped                    ;
; BYTE_SIZE                          ; 8                    ; Untyped                    ;
; READ_DURING_WRITE_MODE_MIXED_PORTS ; DONT_CARE            ; Untyped                    ;
; READ_DURING_WRITE_MODE_PORT_A      ; NEW_DATA_NO_NBE_READ ; Untyped                    ;
; READ_DURING_WRITE_MODE_PORT_B      ; NEW_DATA_NO_NBE_READ ; Untyped                    ;
; INIT_FILE                          ; lab07.mif            ; Untyped                    ;
; INIT_FILE_LAYOUT                   ; PORT_A               ; Untyped                    ;
; MAXIMUM_DEPTH                      ; 0                    ; Untyped                    ;
; CLOCK_ENABLE_INPUT_A               ; BYPASS               ; Untyped                    ;
; CLOCK_ENABLE_INPUT_B               ; BYPASS               ; Untyped                    ;
; CLOCK_ENABLE_OUTPUT_A              ; NORMAL               ; Untyped                    ;
; CLOCK_ENABLE_OUTPUT_B              ; BYPASS               ; Untyped                    ;
; CLOCK_ENABLE_CORE_A                ; USE_INPUT_CLKEN      ; Untyped                    ;
; CLOCK_ENABLE_CORE_B                ; USE_INPUT_CLKEN      ; Untyped                    ;
; ENABLE_ECC                         ; FALSE                ; Untyped                    ;
; ECC_PIPELINE_STAGE_ENABLED         ; FALSE                ; Untyped                    ;
; WIDTH_ECCSTATUS                    ; 3                    ; Untyped                    ;
; DEVICE_FAMILY                      ; Cyclone V            ; Untyped                    ;
; CBXI_PARAMETER                     ; altsyncram_edv1      ; Untyped                    ;
+------------------------------------+----------------------+----------------------------+
Note: In order to hide this table in the UI and the text report file, please set the "Show Parameter Settings in Synthesis Report" option in "Analysis and Synthesis Settings -> More Settings" to "Off".


+---------------------------------------------------------------------------------------+
; altsyncram Parameter Settings by Entity Instance                                      ;
+-------------------------------------------+-------------------------------------------+
; Name                                      ; Value                                     ;
+-------------------------------------------+-------------------------------------------+
; Number of entity instances                ; 1                                         ;
; Entity Instance                           ; RAM2:ram2|altsyncram:altsyncram_component ;
;     -- OPERATION_MODE                     ; DUAL_PORT                                 ;
;     -- WIDTH_A                            ; 8                                         ;
;     -- NUMWORDS_A                         ; 16                                        ;
;     -- OUTDATA_REG_A                      ; UNREGISTERED                              ;
;     -- WIDTH_B                            ; 8                                         ;
;     -- NUMWORDS_B                         ; 16                                        ;
;     -- ADDRESS_REG_B                      ; CLOCK0                                    ;
;     -- OUTDATA_REG_B                      ; CLOCK0                                    ;
;     -- RAM_BLOCK_TYPE                     ; AUTO                                      ;
;     -- READ_DURING_WRITE_MODE_MIXED_PORTS ; DONT_CARE                                 ;
+-------------------------------------------+-------------------------------------------+


+------------------------------------------------------------------------------------------------------------------------------------------------------------------------+
; Port Connectivity Checks: "RAM2:ram2"                                                                                                                                  ;
+------+-------+----------+----------------------------------------------------------------------------------------------------------------------------------------------+
; Port ; Type  ; Severity ; Details                                                                                                                                      ;
+------+-------+----------+----------------------------------------------------------------------------------------------------------------------------------------------+
; data ; Input ; Warning  ; Input port expression (2 bits) is smaller than the input port (8 bits) it drives.  Extra input bit(s) "data[7..2]" will be connected to GND. ;
+------+-------+----------+----------------------------------------------------------------------------------------------------------------------------------------------+


+-----------------------------------------------------------------------------------------------------------------------------------------------------------------------+
; Port Connectivity Checks: "RAM1:ram1"                                                                                                                                 ;
+------+-------+----------+---------------------------------------------------------------------------------------------------------------------------------------------+
; Port ; Type  ; Severity ; Details                                                                                                                                     ;
+------+-------+----------+---------------------------------------------------------------------------------------------------------------------------------------------+
; din  ; Input ; Warning  ; Input port expression (2 bits) is smaller than the input port (8 bits) it drives.  Extra input bit(s) "din[7..2]" will be connected to GND. ;
+------+-------+----------+---------------------------------------------------------------------------------------------------------------------------------------------+


+-----------------------------------------------------+
; Post-Synthesis Netlist Statistics for Top Partition ;
+-----------------------+-----------------------------+
; Type                  ; Count                       ;
+-----------------------+-----------------------------+
; arriav_ff             ; 59                          ;
;     ENA               ; 48                          ;
;     plain             ; 11                          ;
; arriav_lcell_comb     ; 59                          ;
;     normal            ; 59                          ;
;         0 data inputs ; 2                           ;
;         1 data inputs ; 16                          ;
;         3 data inputs ; 2                           ;
;         4 data inputs ; 7                           ;
;         5 data inputs ; 16                          ;
;         6 data inputs ; 16                          ;
; boundary_port         ; 74                          ;
; stratixv_ram_block    ; 8                           ;
;                       ;                             ;
; Max LUT depth         ; 4.00                        ;
; Average LUT depth     ; 2.39                        ;
+-----------------------+-----------------------------+


+-------------------------------+
; Elapsed Time Per Partition    ;
+----------------+--------------+
; Partition Name ; Elapsed Time ;
+----------------+--------------+
; Top            ; 00:00:00     ;
+----------------+--------------+


+-------------------------------+
; Analysis & Synthesis Messages ;
+-------------------------------+
Info: *******************************************************************
Info: Running Quartus Prime Analysis & Synthesis
    Info: Version 17.1.0 Build 590 10/25/2017 SJ Lite Edition
    Info: Processing started: Sun Nov 03 13:11:03 2019
Info: Command: quartus_map --read_settings_files=on --write_settings_files=off lab07 -c lab07
Warning (18236): Number of processors has not been specified which may cause overloading on shared machines.  Set the global assignment NUM_PARALLEL_PROCESSORS in your QSF to an appropriate value for best performance.
Info (20030): Parallel compilation is enabled and will use 4 of the 4 processors detected
Info (12021): Found 1 design units, including 1 entities, in source file lab07.v
    Info (12023): Found entity 1: lab07 File: D:/quartus/mydesign/lab07/lab07.v Line: 6
Info (12021): Found 1 design units, including 1 entities, in source file ram1.v
    Info (12023): Found entity 1: RAM1 File: D:/quartus/mydesign/lab07/RAM1.v Line: 1
Info (12021): Found 1 design units, including 1 entities, in source file ram2.v
    Info (12023): Found entity 1: RAM2 File: D:/quartus/mydesign/lab07/RAM2.v Line: 4
Info (12127): Elaborating entity "lab07" for the top level hierarchy
Warning (10034): Output port "LED[9..8]" at lab07.v(13) has no driver File: D:/quartus/mydesign/lab07/lab07.v Line: 13
Warning (10034): Output port "HEX2" at lab07.v(18) has no driver File: D:/quartus/mydesign/lab07/lab07.v Line: 18
Warning (10034): Output port "HEX3" at lab07.v(19) has no driver File: D:/quartus/mydesign/lab07/lab07.v Line: 19
Warning (10034): Output port "HEX4" at lab07.v(20) has no driver File: D:/quartus/mydesign/lab07/lab07.v Line: 20
Warning (10034): Output port "HEX5" at lab07.v(21) has no driver File: D:/quartus/mydesign/lab07/lab07.v Line: 21
Info (12128): Elaborating entity "RAM1" for hierarchy "RAM1:ram1" File: D:/quartus/mydesign/lab07/lab07.v Line: 24
Info (12128): Elaborating entity "RAM2" for hierarchy "RAM2:ram2" File: D:/quartus/mydesign/lab07/lab07.v Line: 25
Info (12128): Elaborating entity "altsyncram" for hierarchy "RAM2:ram2|altsyncram:altsyncram_component" File: D:/quartus/mydesign/lab07/RAM2.v Line: 53
Info (12130): Elaborated megafunction instantiation "RAM2:ram2|altsyncram:altsyncram_component" File: D:/quartus/mydesign/lab07/RAM2.v Line: 53
Info (12133): Instantiated megafunction "RAM2:ram2|altsyncram:altsyncram_component" with the following parameter: File: D:/quartus/mydesign/lab07/RAM2.v Line: 53
    Info (12134): Parameter "address_aclr_b" = "NONE"
    Info (12134): Parameter "address_reg_b" = "CLOCK0"
    Info (12134): Parameter "clock_enable_input_a" = "BYPASS"
    Info (12134): Parameter "clock_enable_input_b" = "BYPASS"
    Info (12134): Parameter "clock_enable_output_b" = "BYPASS"
    Info (12134): Parameter "init_file" = "lab07.mif"
    Info (12134): Parameter "intended_device_family" = "Cyclone V"
    Info (12134): Parameter "lpm_type" = "altsyncram"
    Info (12134): Parameter "numwords_a" = "16"
    Info (12134): Parameter "numwords_b" = "16"
    Info (12134): Parameter "operation_mode" = "DUAL_PORT"
    Info (12134): Parameter "outdata_aclr_b" = "NONE"
    Info (12134): Parameter "outdata_reg_b" = "CLOCK0"
    Info (12134): Parameter "power_up_uninitialized" = "FALSE"
    Info (12134): Parameter "read_during_write_mode_mixed_ports" = "DONT_CARE"
    Info (12134): Parameter "widthad_a" = "4"
    Info (12134): Parameter "widthad_b" = "4"
    Info (12134): Parameter "width_a" = "8"
    Info (12134): Parameter "width_b" = "8"
    Info (12134): Parameter "width_byteena_a" = "1"
Info (12021): Found 1 design units, including 1 entities, in source file db/altsyncram_edv1.tdf
    Info (12023): Found entity 1: altsyncram_edv1 File: D:/quartus/mydesign/lab07/db/altsyncram_edv1.tdf Line: 27
Info (12128): Elaborating entity "altsyncram_edv1" for hierarchy "RAM2:ram2|altsyncram:altsyncram_component|altsyncram_edv1:auto_generated" File: d:/quartus/quartus/libraries/megafunctions/altsyncram.tdf Line: 791
Info (276014): Found 1 instances of uninferred RAM logic
    Info (276007): RAM logic "RAM1:ram1|ram" is uninferred due to asynchronous read logic File: D:/quartus/mydesign/lab07/RAM1.v Line: 9
Warning (12241): 2 hierarchies have connectivity warnings - see the Connectivity Checks report folder
Warning (13024): Output pins are stuck at VCC or GND
    Warning (13410): Pin "LED[8]" is stuck at GND File: D:/quartus/mydesign/lab07/lab07.v Line: 13
    Warning (13410): Pin "LED[9]" is stuck at GND File: D:/quartus/mydesign/lab07/lab07.v Line: 13
    Warning (13410): Pin "HEX1[0]" is stuck at GND File: D:/quartus/mydesign/lab07/lab07.v Line: 17
    Warning (13410): Pin "HEX1[1]" is stuck at GND File: D:/quartus/mydesign/lab07/lab07.v Line: 17
    Warning (13410): Pin "HEX1[2]" is stuck at GND File: D:/quartus/mydesign/lab07/lab07.v Line: 17
    Warning (13410): Pin "HEX1[3]" is stuck at GND File: D:/quartus/mydesign/lab07/lab07.v Line: 17
    Warning (13410): Pin "HEX1[4]" is stuck at GND File: D:/quartus/mydesign/lab07/lab07.v Line: 17
    Warning (13410): Pin "HEX1[5]" is stuck at GND File: D:/quartus/mydesign/lab07/lab07.v Line: 17
    Warning (13410): Pin "HEX1[6]" is stuck at VCC File: D:/quartus/mydesign/lab07/lab07.v Line: 17
    Warning (13410): Pin "HEX2[0]" is stuck at GND File: D:/quartus/mydesign/lab07/lab07.v Line: 18
    Warning (13410): Pin "HEX2[1]" is stuck at GND File: D:/quartus/mydesign/lab07/lab07.v Line: 18
    Warning (13410): Pin "HEX2[2]" is stuck at GND File: D:/quartus/mydesign/lab07/lab07.v Line: 18
    Warning (13410): Pin "HEX2[3]" is stuck at GND File: D:/quartus/mydesign/lab07/lab07.v Line: 18
    Warning (13410): Pin "HEX2[4]" is stuck at GND File: D:/quartus/mydesign/lab07/lab07.v Line: 18
    Warning (13410): Pin "HEX2[5]" is stuck at GND File: D:/quartus/mydesign/lab07/lab07.v Line: 18
    Warning (13410): Pin "HEX2[6]" is stuck at GND File: D:/quartus/mydesign/lab07/lab07.v Line: 18
    Warning (13410): Pin "HEX3[0]" is stuck at GND File: D:/quartus/mydesign/lab07/lab07.v Line: 19
    Warning (13410): Pin "HEX3[1]" is stuck at GND File: D:/quartus/mydesign/lab07/lab07.v Line: 19
    Warning (13410): Pin "HEX3[2]" is stuck at GND File: D:/quartus/mydesign/lab07/lab07.v Line: 19
    Warning (13410): Pin "HEX3[3]" is stuck at GND File: D:/quartus/mydesign/lab07/lab07.v Line: 19
    Warning (13410): Pin "HEX3[4]" is stuck at GND File: D:/quartus/mydesign/lab07/lab07.v Line: 19
    Warning (13410): Pin "HEX3[5]" is stuck at GND File: D:/quartus/mydesign/lab07/lab07.v Line: 19
    Warning (13410): Pin "HEX3[6]" is stuck at GND File: D:/quartus/mydesign/lab07/lab07.v Line: 19
    Warning (13410): Pin "HEX4[0]" is stuck at GND File: D:/quartus/mydesign/lab07/lab07.v Line: 20
    Warning (13410): Pin "HEX4[1]" is stuck at GND File: D:/quartus/mydesign/lab07/lab07.v Line: 20
    Warning (13410): Pin "HEX4[2]" is stuck at GND File: D:/quartus/mydesign/lab07/lab07.v Line: 20
    Warning (13410): Pin "HEX4[3]" is stuck at GND File: D:/quartus/mydesign/lab07/lab07.v Line: 20
    Warning (13410): Pin "HEX4[4]" is stuck at GND File: D:/quartus/mydesign/lab07/lab07.v Line: 20
    Warning (13410): Pin "HEX4[5]" is stuck at GND File: D:/quartus/mydesign/lab07/lab07.v Line: 20
    Warning (13410): Pin "HEX4[6]" is stuck at GND File: D:/quartus/mydesign/lab07/lab07.v Line: 20
    Warning (13410): Pin "HEX5[0]" is stuck at GND File: D:/quartus/mydesign/lab07/lab07.v Line: 21
    Warning (13410): Pin "HEX5[1]" is stuck at GND File: D:/quartus/mydesign/lab07/lab07.v Line: 21
    Warning (13410): Pin "HEX5[2]" is stuck at GND File: D:/quartus/mydesign/lab07/lab07.v Line: 21
    Warning (13410): Pin "HEX5[3]" is stuck at GND File: D:/quartus/mydesign/lab07/lab07.v Line: 21
    Warning (13410): Pin "HEX5[4]" is stuck at GND File: D:/quartus/mydesign/lab07/lab07.v Line: 21
    Warning (13410): Pin "HEX5[5]" is stuck at GND File: D:/quartus/mydesign/lab07/lab07.v Line: 21
    Warning (13410): Pin "HEX5[6]" is stuck at GND File: D:/quartus/mydesign/lab07/lab07.v Line: 21
    Warning (13410): Pin "dout[4]" is stuck at GND File: D:/quartus/mydesign/lab07/lab07.v Line: 23
    Warning (13410): Pin "dout[5]" is stuck at GND File: D:/quartus/mydesign/lab07/lab07.v Line: 23
    Warning (13410): Pin "dout[6]" is stuck at GND File: D:/quartus/mydesign/lab07/lab07.v Line: 23
    Warning (13410): Pin "dout[7]" is stuck at GND File: D:/quartus/mydesign/lab07/lab07.v Line: 23
Info (286030): Timing-Driven Synthesis is running
Info (16010): Generating hard_block partition "hard_block:auto_generated_inst"
    Info (16011): Adding 0 node(s), including 0 DDIO, 0 PLL, 0 transceiver and 0 LCELL
Info (21057): Implemented 176 device resources after synthesis - the final resource count might be different
    Info (21058): Implemented 14 input pins
    Info (21059): Implemented 60 output pins
    Info (21061): Implemented 94 logic cells
    Info (21064): Implemented 8 RAM segments
Info: Quartus Prime Analysis & Synthesis was successful. 0 errors, 49 warnings
    Info: Peak virtual memory: 4837 megabytes
    Info: Processing ended: Sun Nov 03 13:11:14 2019
    Info: Elapsed time: 00:00:11
    Info: Total CPU time (on all processors): 00:00:22


