Analysis & Synthesis report for lab12
Sat Dec 21 21:23:05 2019
Quartus Prime Version 17.1.0 Build 590 10/25/2017 SJ Lite Edition


---------------------
; Table of Contents ;
---------------------
  1. Legal Notice
  2. Analysis & Synthesis Summary
  3. Analysis & Synthesis Settings
  4. Parallel Compilation
  5. Analysis & Synthesis Source Files Read
  6. Analysis & Synthesis Resource Usage Summary
  7. Analysis & Synthesis Resource Utilization by Entity
  8. Analysis & Synthesis RAM Summary
  9. Analysis & Synthesis IP Cores Summary
 10. General Register Statistics
 11. Inverted Register Statistics
 12. Multiplexer Restructuring Statistics (Restructuring Performed)
 13. Source assignments for rom:myrom|altsyncram:altsyncram_component|altsyncram_l0h1:auto_generated
 14. Parameter Settings for User Entity Instance: clkgen:my_vgaclk
 15. Parameter Settings for User Entity Instance: vga_ctrl:my_vga
 16. Parameter Settings for User Entity Instance: rom:myrom|altsyncram:altsyncram_component
 17. altsyncram Parameter Settings by Entity Instance
 18. Port Connectivity Checks: "rom:myrom"
 19. Port Connectivity Checks: "vga_out:myout"
 20. Port Connectivity Checks: "clkgen:my_vgaclk"
 21. Post-Synthesis Netlist Statistics for Top Partition
 22. Elapsed Time Per Partition
 23. Analysis & Synthesis Messages



----------------
; Legal Notice ;
----------------
Copyright (C) 2017  Intel Corporation. All rights reserved.
Your use of Intel Corporation's design tools, logic functions 
and other software and tools, and its AMPP partner logic 
functions, and any output files from any of the foregoing 
(including device programming or simulation files), and any 
associated documentation or information are expressly subject 
to the terms and conditions of the Intel Program License 
Subscription Agreement, the Intel Quartus Prime License Agreement,
the Intel FPGA IP License Agreement, or other applicable license
agreement, including, without limitation, that your use is for
the sole purpose of programming logic devices manufactured by
Intel and sold by Intel or its authorized distributors.  Please
refer to the applicable agreement for further details.



+-------------------------------------------------------------------------------+
; Analysis & Synthesis Summary                                                  ;
+---------------------------------+---------------------------------------------+
; Analysis & Synthesis Status     ; Successful - Sat Dec 21 21:23:05 2019       ;
; Quartus Prime Version           ; 17.1.0 Build 590 10/25/2017 SJ Lite Edition ;
; Revision Name                   ; lab12                                       ;
; Top-level Entity Name           ; lab12                                       ;
; Family                          ; Cyclone V                                   ;
; Logic utilization (in ALMs)     ; N/A                                         ;
; Total registers                 ; 313                                         ;
; Total pins                      ; 69                                          ;
; Total virtual pins              ; 0                                           ;
; Total block memory bits         ; 3,840                                       ;
; Total DSP Blocks                ; 0                                           ;
; Total HSSI RX PCSs              ; 0                                           ;
; Total HSSI PMA RX Deserializers ; 0                                           ;
; Total HSSI TX PCSs              ; 0                                           ;
; Total HSSI PMA TX Serializers   ; 0                                           ;
; Total PLLs                      ; 0                                           ;
; Total DLLs                      ; 0                                           ;
+---------------------------------+---------------------------------------------+


+---------------------------------------------------------------------------------------------------------------------------+
; Analysis & Synthesis Settings                                                                                             ;
+---------------------------------------------------------------------------------+--------------------+--------------------+
; Option                                                                          ; Setting            ; Default Value      ;
+---------------------------------------------------------------------------------+--------------------+--------------------+
; Device                                                                          ; 5CSXFC6D6F31C6     ;                    ;
; Top-level entity name                                                           ; lab12              ; lab12              ;
; Family name                                                                     ; Cyclone V          ; Cyclone V          ;
; Use smart compilation                                                           ; Off                ; Off                ;
; Enable parallel Assembler and TimeQuest Timing Analyzer during compilation      ; On                 ; On                 ;
; Enable compact report table                                                     ; Off                ; Off                ;
; Restructure Multiplexers                                                        ; Auto               ; Auto               ;
; MLAB Add Timing Constraints For Mixed-Port Feed-Through Mode Setting Don't Care ; Off                ; Off                ;
; Create Debugging Nodes for IP Cores                                             ; Off                ; Off                ;
; Preserve fewer node names                                                       ; On                 ; On                 ;
; Intel FPGA IP Evaluation Mode                                                   ; Enable             ; Enable             ;
; Verilog Version                                                                 ; Verilog_2001       ; Verilog_2001       ;
; VHDL Version                                                                    ; VHDL_1993          ; VHDL_1993          ;
; State Machine Processing                                                        ; Auto               ; Auto               ;
; Safe State Machine                                                              ; Off                ; Off                ;
; Extract Verilog State Machines                                                  ; On                 ; On                 ;
; Extract VHDL State Machines                                                     ; On                 ; On                 ;
; Ignore Verilog initial constructs                                               ; Off                ; Off                ;
; Iteration limit for constant Verilog loops                                      ; 5000               ; 5000               ;
; Iteration limit for non-constant Verilog loops                                  ; 250                ; 250                ;
; Add Pass-Through Logic to Inferred RAMs                                         ; On                 ; On                 ;
; Infer RAMs from Raw Logic                                                       ; On                 ; On                 ;
; Parallel Synthesis                                                              ; On                 ; On                 ;
; DSP Block Balancing                                                             ; Auto               ; Auto               ;
; NOT Gate Push-Back                                                              ; On                 ; On                 ;
; Power-Up Don't Care                                                             ; On                 ; On                 ;
; Remove Redundant Logic Cells                                                    ; Off                ; Off                ;
; Remove Duplicate Registers                                                      ; On                 ; On                 ;
; Ignore CARRY Buffers                                                            ; Off                ; Off                ;
; Ignore CASCADE Buffers                                                          ; Off                ; Off                ;
; Ignore GLOBAL Buffers                                                           ; Off                ; Off                ;
; Ignore ROW GLOBAL Buffers                                                       ; Off                ; Off                ;
; Ignore LCELL Buffers                                                            ; Off                ; Off                ;
; Ignore SOFT Buffers                                                             ; On                 ; On                 ;
; Limit AHDL Integers to 32 Bits                                                  ; Off                ; Off                ;
; Optimization Technique                                                          ; Balanced           ; Balanced           ;
; Carry Chain Length                                                              ; 70                 ; 70                 ;
; Auto Carry Chains                                                               ; On                 ; On                 ;
; Auto Open-Drain Pins                                                            ; On                 ; On                 ;
; Perform WYSIWYG Primitive Resynthesis                                           ; Off                ; Off                ;
; Auto ROM Replacement                                                            ; On                 ; On                 ;
; Auto RAM Replacement                                                            ; On                 ; On                 ;
; Auto DSP Block Replacement                                                      ; On                 ; On                 ;
; Auto Shift Register Replacement                                                 ; Auto               ; Auto               ;
; Allow Shift Register Merging across Hierarchies                                 ; Auto               ; Auto               ;
; Auto Clock Enable Replacement                                                   ; On                 ; On                 ;
; Strict RAM Replacement                                                          ; Off                ; Off                ;
; Allow Synchronous Control Signals                                               ; On                 ; On                 ;
; Force Use of Synchronous Clear Signals                                          ; Off                ; Off                ;
; Auto Resource Sharing                                                           ; Off                ; Off                ;
; Allow Any RAM Size For Recognition                                              ; Off                ; Off                ;
; Allow Any ROM Size For Recognition                                              ; Off                ; Off                ;
; Allow Any Shift Register Size For Recognition                                   ; Off                ; Off                ;
; Use LogicLock Constraints during Resource Balancing                             ; On                 ; On                 ;
; Ignore translate_off and synthesis_off directives                               ; Off                ; Off                ;
; Timing-Driven Synthesis                                                         ; On                 ; On                 ;
; Report Parameter Settings                                                       ; On                 ; On                 ;
; Report Source Assignments                                                       ; On                 ; On                 ;
; Report Connectivity Checks                                                      ; On                 ; On                 ;
; Ignore Maximum Fan-Out Assignments                                              ; Off                ; Off                ;
; Synchronization Register Chain Length                                           ; 3                  ; 3                  ;
; Power Optimization During Synthesis                                             ; Normal compilation ; Normal compilation ;
; HDL message level                                                               ; Level2             ; Level2             ;
; Suppress Register Optimization Related Messages                                 ; Off                ; Off                ;
; Number of Removed Registers Reported in Synthesis Report                        ; 5000               ; 5000               ;
; Number of Swept Nodes Reported in Synthesis Report                              ; 5000               ; 5000               ;
; Number of Inverted Registers Reported in Synthesis Report                       ; 100                ; 100                ;
; Clock MUX Protection                                                            ; On                 ; On                 ;
; Auto Gated Clock Conversion                                                     ; Off                ; Off                ;
; Block Design Naming                                                             ; Auto               ; Auto               ;
; SDC constraint protection                                                       ; Off                ; Off                ;
; Synthesis Effort                                                                ; Auto               ; Auto               ;
; Shift Register Replacement - Allow Asynchronous Clear Signal                    ; On                 ; On                 ;
; Pre-Mapping Resynthesis Optimization                                            ; Off                ; Off                ;
; Analysis & Synthesis Message Level                                              ; Medium             ; Medium             ;
; Disable Register Merging Across Hierarchies                                     ; Auto               ; Auto               ;
; Resource Aware Inference For Block RAM                                          ; On                 ; On                 ;
; Automatic Parallel Synthesis                                                    ; On                 ; On                 ;
; Partial Reconfiguration Bitstream ID                                            ; Off                ; Off                ;
+---------------------------------------------------------------------------------+--------------------+--------------------+


+------------------------------------------+
; Parallel Compilation                     ;
+----------------------------+-------------+
; Processors                 ; Number      ;
+----------------------------+-------------+
; Number detected on machine ; 8           ;
; Maximum allowed            ; 4           ;
;                            ;             ;
; Average used               ; 1.00        ;
; Maximum used               ; 4           ;
;                            ;             ;
; Usage by Processor         ; % Time Used ;
;     Processor 1            ; 100.0%      ;
;     Processors 2-4         ;   0.0%      ;
+----------------------------+-------------+


+-------------------------------------------------------------------------------------------------------------------------------------------------------------------------------------+
; Analysis & Synthesis Source Files Read                                                                                                                                              ;
+---------------------------------------------+-----------------+----------------------------------------+------------------------------------------------------------------+---------+
; File Name with User-Entered Path            ; Used in Netlist ; File Type                              ; File Name with Absolute Path                                     ; Library ;
+---------------------------------------------+-----------------+----------------------------------------+------------------------------------------------------------------+---------+
; ../lab09_1/vga_ctrl.v                       ; yes             ; User Verilog HDL File                  ; D:/quartus/mydesign/lab09_1/vga_ctrl.v                           ;         ;
; ../lab09_1/clkgen.v                         ; yes             ; User Verilog HDL File                  ; D:/quartus/mydesign/lab09_1/clkgen.v                             ;         ;
; lab12.v                                     ; yes             ; User Verilog HDL File                  ; D:/quartus/mydesign/lab12/lab12.v                                ;         ;
; vga_out.v                                   ; yes             ; User Verilog HDL File                  ; D:/quartus/mydesign/lab12/vga_out.v                              ;         ;
; rom.v                                       ; yes             ; User Wizard-Generated File             ; D:/quartus/mydesign/lab12/rom.v                                  ;         ;
; altsyncram.tdf                              ; yes             ; Megafunction                           ; d:/quartus/quartus/libraries/megafunctions/altsyncram.tdf        ;         ;
; stratix_ram_block.inc                       ; yes             ; Megafunction                           ; d:/quartus/quartus/libraries/megafunctions/stratix_ram_block.inc ;         ;
; lpm_mux.inc                                 ; yes             ; Megafunction                           ; d:/quartus/quartus/libraries/megafunctions/lpm_mux.inc           ;         ;
; lpm_decode.inc                              ; yes             ; Megafunction                           ; d:/quartus/quartus/libraries/megafunctions/lpm_decode.inc        ;         ;
; aglobal171.inc                              ; yes             ; Megafunction                           ; d:/quartus/quartus/libraries/megafunctions/aglobal171.inc        ;         ;
; a_rdenreg.inc                               ; yes             ; Megafunction                           ; d:/quartus/quartus/libraries/megafunctions/a_rdenreg.inc         ;         ;
; altrom.inc                                  ; yes             ; Megafunction                           ; d:/quartus/quartus/libraries/megafunctions/altrom.inc            ;         ;
; altram.inc                                  ; yes             ; Megafunction                           ; d:/quartus/quartus/libraries/megafunctions/altram.inc            ;         ;
; altdpram.inc                                ; yes             ; Megafunction                           ; d:/quartus/quartus/libraries/megafunctions/altdpram.inc          ;         ;
; db/altsyncram_l0h1.tdf                      ; yes             ; Auto-Generated Megafunction            ; D:/quartus/mydesign/lab12/db/altsyncram_l0h1.tdf                 ;         ;
; /quartus/mydesign/txt2mif/txt2mif/score.mif ; yes             ; Auto-Found Memory Initialization File  ; /quartus/mydesign/txt2mif/txt2mif/score.mif                      ;         ;
+---------------------------------------------+-----------------+----------------------------------------+------------------------------------------------------------------+---------+


+-----------------------------------------------------------------------+
; Analysis & Synthesis Resource Usage Summary                           ;
+---------------------------------------------+-------------------------+
; Resource                                    ; Usage                   ;
+---------------------------------------------+-------------------------+
; Estimate of Logic utilization (ALMs needed) ; 352                     ;
;                                             ;                         ;
; Combinational ALUT usage for logic          ; 594                     ;
;     -- 7 input functions                    ; 0                       ;
;     -- 6 input functions                    ; 106                     ;
;     -- 5 input functions                    ; 53                      ;
;     -- 4 input functions                    ; 9                       ;
;     -- <=3 input functions                  ; 426                     ;
;                                             ;                         ;
; Dedicated logic registers                   ; 313                     ;
;                                             ;                         ;
; I/O pins                                    ; 69                      ;
; Total MLAB memory bits                      ; 0                       ;
; Total block memory bits                     ; 3840                    ;
;                                             ;                         ;
; Total DSP Blocks                            ; 0                       ;
;                                             ;                         ;
; Maximum fan-out node                        ; clkgen:my_vgaclk|clkout ;
; Maximum fan-out                             ; 282                     ;
; Total fan-out                               ; 3196                    ;
; Average fan-out                             ; 3.00                    ;
+---------------------------------------------+-------------------------+


+-----------------------------------------------------------------------------------------------------------------------------------------------------------------------------------------------------------------------------------------------------------------------+
; Analysis & Synthesis Resource Utilization by Entity                                                                                                                                                                                                                   ;
+-------------------------------------------+---------------------+---------------------------+-------------------+------------+------+--------------+---------------------------------------------------------------------------------+-----------------+--------------+
; Compilation Hierarchy Node                ; Combinational ALUTs ; Dedicated Logic Registers ; Block Memory Bits ; DSP Blocks ; Pins ; Virtual Pins ; Full Hierarchy Name                                                             ; Entity Name     ; Library Name ;
+-------------------------------------------+---------------------+---------------------------+-------------------+------------+------+--------------+---------------------------------------------------------------------------------+-----------------+--------------+
; |lab12                                    ; 594 (0)             ; 313 (0)                   ; 3840              ; 0          ; 69   ; 0            ; |lab12                                                                          ; lab12           ; work         ;
;    |clkgen:my_vgaclk|                     ; 43 (43)             ; 33 (33)                   ; 0                 ; 0          ; 0    ; 0            ; |lab12|clkgen:my_vgaclk                                                         ; clkgen          ; work         ;
;    |rom:myrom|                            ; 0 (0)               ; 0 (0)                     ; 3840              ; 0          ; 0    ; 0            ; |lab12|rom:myrom                                                                ; rom             ; work         ;
;       |altsyncram:altsyncram_component|   ; 0 (0)               ; 0 (0)                     ; 3840              ; 0          ; 0    ; 0            ; |lab12|rom:myrom|altsyncram:altsyncram_component                                ; altsyncram      ; work         ;
;          |altsyncram_l0h1:auto_generated| ; 0 (0)               ; 0 (0)                     ; 3840              ; 0          ; 0    ; 0            ; |lab12|rom:myrom|altsyncram:altsyncram_component|altsyncram_l0h1:auto_generated ; altsyncram_l0h1 ; work         ;
;    |vga_ctrl:my_vga|                      ; 63 (63)             ; 20 (20)                   ; 0                 ; 0          ; 0    ; 0            ; |lab12|vga_ctrl:my_vga                                                          ; vga_ctrl        ; work         ;
;    |vga_out:myout|                        ; 488 (488)           ; 260 (260)                 ; 0                 ; 0          ; 0    ; 0            ; |lab12|vga_out:myout                                                            ; vga_out         ; work         ;
+-------------------------------------------+---------------------+---------------------------+-------------------+------------+------+--------------+---------------------------------------------------------------------------------+-----------------+--------------+
Note: For table entries with two numbers listed, the numbers in parentheses indicate the number of resources of the given type used by the specific entity alone. The numbers listed outside of parentheses indicate the total resources of the given type used by the specific entity and all of its sub-entities in the hierarchy.


+-----------------------------------------------------------------------------------------------------------------------------------------------------------------------------------------------------+
; Analysis & Synthesis RAM Summary                                                                                                                                                                    ;
+-------------------------------------------------------------------------------------+------+------+--------------+--------------+--------------+--------------+------+------------------------------+
; Name                                                                                ; Type ; Mode ; Port A Depth ; Port A Width ; Port B Depth ; Port B Width ; Size ; MIF                          ;
+-------------------------------------------------------------------------------------+------+------+--------------+--------------+--------------+--------------+------+------------------------------+
; rom:myrom|altsyncram:altsyncram_component|altsyncram_l0h1:auto_generated|ALTSYNCRAM ; AUTO ; ROM  ; 320          ; 12           ; --           ; --           ; 3840 ; ../txt2mif/txt2mif/score.mif ;
+-------------------------------------------------------------------------------------+------+------+--------------+--------------+--------------+--------------+------+------------------------------+


+----------------------------------------------------------------------------------------------------+
; Analysis & Synthesis IP Cores Summary                                                              ;
+--------+--------------+---------+--------------+--------------+------------------+-----------------+
; Vendor ; IP Core Name ; Version ; Release Date ; License Type ; Entity Instance  ; IP Include File ;
+--------+--------------+---------+--------------+--------------+------------------+-----------------+
; Altera ; ROM: 1-PORT  ; 17.1    ; N/A          ; N/A          ; |lab12|rom:myrom ; rom.v           ;
+--------+--------------+---------+--------------+--------------+------------------+-----------------+


+------------------------------------------------------+
; General Register Statistics                          ;
+----------------------------------------------+-------+
; Statistic                                    ; Value ;
+----------------------------------------------+-------+
; Total registers                              ; 313   ;
; Number of registers using Synchronous Clear  ; 220   ;
; Number of registers using Synchronous Load   ; 5     ;
; Number of registers using Asynchronous Clear ; 10    ;
; Number of registers using Asynchronous Load  ; 0     ;
; Number of registers using Clock Enable       ; 210   ;
; Number of registers using Preset             ; 0     ;
+----------------------------------------------+-------+


+--------------------------------------------------+
; Inverted Register Statistics                     ;
+----------------------------------------+---------+
; Inverted Register                      ; Fan out ;
+----------------------------------------+---------+
; vga_ctrl:my_vga|x_cnt[0]               ; 5       ;
; vga_out:myout|heart[0]                 ; 3       ;
; vga_out:myout|heart[1]                 ; 2       ;
; Total number of inverted registers = 3 ;         ;
+----------------------------------------+---------+


+----------------------------------------------------------------------------------------------------------------------------------------------------+
; Multiplexer Restructuring Statistics (Restructuring Performed)                                                                                     ;
+--------------------+-----------+---------------+----------------------+------------------------+------------+--------------------------------------+
; Multiplexer Inputs ; Bus Width ; Baseline Area ; Area if Restructured ; Saving if Restructured ; Registered ; Example Multiplexer Output           ;
+--------------------+-----------+---------------+----------------------+------------------------+------------+--------------------------------------+
; 3:1                ; 32 bits   ; 64 LEs        ; 0 LEs                ; 64 LEs                 ; Yes        ; |lab12|clkgen:my_vgaclk|clkcount[15] ;
; 3:1                ; 5 bits    ; 10 LEs        ; 5 LEs                ; 5 LEs                  ; Yes        ; |lab12|vga_out:myout|addr[8]         ;
; 3:1                ; 4 bits    ; 8 LEs         ; 4 LEs                ; 4 LEs                  ; Yes        ; |lab12|vga_out:myout|addr[1]         ;
; 4:1                ; 9 bits    ; 18 LEs        ; 0 LEs                ; 18 LEs                 ; Yes        ; |lab12|vga_ctrl:my_vga|y_cnt[9]      ;
+--------------------+-----------+---------------+----------------------+------------------------+------------+--------------------------------------+


+-------------------------------------------------------------------------------------------------+
; Source assignments for rom:myrom|altsyncram:altsyncram_component|altsyncram_l0h1:auto_generated ;
+---------------------------------+--------------------+------+-----------------------------------+
; Assignment                      ; Value              ; From ; To                                ;
+---------------------------------+--------------------+------+-----------------------------------+
; OPTIMIZE_POWER_DURING_SYNTHESIS ; NORMAL_COMPILATION ; -    ; -                                 ;
+---------------------------------+--------------------+------+-----------------------------------+


+---------------------------------------------------------------+
; Parameter Settings for User Entity Instance: clkgen:my_vgaclk ;
+----------------+----------+-----------------------------------+
; Parameter Name ; Value    ; Type                              ;
+----------------+----------+-----------------------------------+
; clk_freq       ; 25000000 ; Signed Integer                    ;
; countlimit     ; 1        ; Signed Integer                    ;
+----------------+----------+-----------------------------------+
Note: In order to hide this table in the UI and the text report file, please set the "Show Parameter Settings in Synthesis Report" option in "Analysis and Synthesis Settings -> More Settings" to "Off".


+--------------------------------------------------------------+
; Parameter Settings for User Entity Instance: vga_ctrl:my_vga ;
+----------------+-------+-------------------------------------+
; Parameter Name ; Value ; Type                                ;
+----------------+-------+-------------------------------------+
; h_frontporch   ; 96    ; Signed Integer                      ;
; h_active       ; 144   ; Signed Integer                      ;
; h_backporch    ; 784   ; Signed Integer                      ;
; h_total        ; 800   ; Signed Integer                      ;
; v_frontporch   ; 2     ; Signed Integer                      ;
; v_active       ; 35    ; Signed Integer                      ;
; v_backporch    ; 515   ; Signed Integer                      ;
; v_total        ; 525   ; Signed Integer                      ;
+----------------+-------+-------------------------------------+
Note: In order to hide this table in the UI and the text report file, please set the "Show Parameter Settings in Synthesis Report" option in "Analysis and Synthesis Settings -> More Settings" to "Off".


+----------------------------------------------------------------------------------------+
; Parameter Settings for User Entity Instance: rom:myrom|altsyncram:altsyncram_component ;
+------------------------------------+------------------------------+--------------------+
; Parameter Name                     ; Value                        ; Type               ;
+------------------------------------+------------------------------+--------------------+
; BYTE_SIZE_BLOCK                    ; 8                            ; Untyped            ;
; AUTO_CARRY_CHAINS                  ; ON                           ; AUTO_CARRY         ;
; IGNORE_CARRY_BUFFERS               ; OFF                          ; IGNORE_CARRY       ;
; AUTO_CASCADE_CHAINS                ; ON                           ; AUTO_CASCADE       ;
; IGNORE_CASCADE_BUFFERS             ; OFF                          ; IGNORE_CASCADE     ;
; WIDTH_BYTEENA                      ; 1                            ; Untyped            ;
; OPERATION_MODE                     ; ROM                          ; Untyped            ;
; WIDTH_A                            ; 12                           ; Signed Integer     ;
; WIDTHAD_A                          ; 9                            ; Signed Integer     ;
; NUMWORDS_A                         ; 320                          ; Signed Integer     ;
; OUTDATA_REG_A                      ; CLOCK0                       ; Untyped            ;
; ADDRESS_ACLR_A                     ; NONE                         ; Untyped            ;
; OUTDATA_ACLR_A                     ; NONE                         ; Untyped            ;
; WRCONTROL_ACLR_A                   ; NONE                         ; Untyped            ;
; INDATA_ACLR_A                      ; NONE                         ; Untyped            ;
; BYTEENA_ACLR_A                     ; NONE                         ; Untyped            ;
; WIDTH_B                            ; 1                            ; Untyped            ;
; WIDTHAD_B                          ; 1                            ; Untyped            ;
; NUMWORDS_B                         ; 1                            ; Untyped            ;
; INDATA_REG_B                       ; CLOCK1                       ; Untyped            ;
; WRCONTROL_WRADDRESS_REG_B          ; CLOCK1                       ; Untyped            ;
; RDCONTROL_REG_B                    ; CLOCK1                       ; Untyped            ;
; ADDRESS_REG_B                      ; CLOCK1                       ; Untyped            ;
; OUTDATA_REG_B                      ; UNREGISTERED                 ; Untyped            ;
; BYTEENA_REG_B                      ; CLOCK1                       ; Untyped            ;
; INDATA_ACLR_B                      ; NONE                         ; Untyped            ;
; WRCONTROL_ACLR_B                   ; NONE                         ; Untyped            ;
; ADDRESS_ACLR_B                     ; NONE                         ; Untyped            ;
; OUTDATA_ACLR_B                     ; NONE                         ; Untyped            ;
; RDCONTROL_ACLR_B                   ; NONE                         ; Untyped            ;
; BYTEENA_ACLR_B                     ; NONE                         ; Untyped            ;
; WIDTH_BYTEENA_A                    ; 1                            ; Signed Integer     ;
; WIDTH_BYTEENA_B                    ; 1                            ; Untyped            ;
; RAM_BLOCK_TYPE                     ; AUTO                         ; Untyped            ;
; BYTE_SIZE                          ; 8                            ; Untyped            ;
; READ_DURING_WRITE_MODE_MIXED_PORTS ; DONT_CARE                    ; Untyped            ;
; READ_DURING_WRITE_MODE_PORT_A      ; NEW_DATA_NO_NBE_READ         ; Untyped            ;
; READ_DURING_WRITE_MODE_PORT_B      ; NEW_DATA_NO_NBE_READ         ; Untyped            ;
; INIT_FILE                          ; ../txt2mif/txt2mif/score.mif ; Untyped            ;
; INIT_FILE_LAYOUT                   ; PORT_A                       ; Untyped            ;
; MAXIMUM_DEPTH                      ; 0                            ; Untyped            ;
; CLOCK_ENABLE_INPUT_A               ; BYPASS                       ; Untyped            ;
; CLOCK_ENABLE_INPUT_B               ; NORMAL                       ; Untyped            ;
; CLOCK_ENABLE_OUTPUT_A              ; BYPASS                       ; Untyped            ;
; CLOCK_ENABLE_OUTPUT_B              ; NORMAL                       ; Untyped            ;
; CLOCK_ENABLE_CORE_A                ; USE_INPUT_CLKEN              ; Untyped            ;
; CLOCK_ENABLE_CORE_B                ; USE_INPUT_CLKEN              ; Untyped            ;
; ENABLE_ECC                         ; FALSE                        ; Untyped            ;
; ECC_PIPELINE_STAGE_ENABLED         ; FALSE                        ; Untyped            ;
; WIDTH_ECCSTATUS                    ; 3                            ; Untyped            ;
; DEVICE_FAMILY                      ; Cyclone V                    ; Untyped            ;
; CBXI_PARAMETER                     ; altsyncram_l0h1              ; Untyped            ;
+------------------------------------+------------------------------+--------------------+
Note: In order to hide this table in the UI and the text report file, please set the "Show Parameter Settings in Synthesis Report" option in "Analysis and Synthesis Settings -> More Settings" to "Off".


+---------------------------------------------------------------------------------------+
; altsyncram Parameter Settings by Entity Instance                                      ;
+-------------------------------------------+-------------------------------------------+
; Name                                      ; Value                                     ;
+-------------------------------------------+-------------------------------------------+
; Number of entity instances                ; 1                                         ;
; Entity Instance                           ; rom:myrom|altsyncram:altsyncram_component ;
;     -- OPERATION_MODE                     ; ROM                                       ;
;     -- WIDTH_A                            ; 12                                        ;
;     -- NUMWORDS_A                         ; 320                                       ;
;     -- OUTDATA_REG_A                      ; CLOCK0                                    ;
;     -- WIDTH_B                            ; 1                                         ;
;     -- NUMWORDS_B                         ; 1                                         ;
;     -- ADDRESS_REG_B                      ; CLOCK1                                    ;
;     -- OUTDATA_REG_B                      ; UNREGISTERED                              ;
;     -- RAM_BLOCK_TYPE                     ; AUTO                                      ;
;     -- READ_DURING_WRITE_MODE_MIXED_PORTS ; DONT_CARE                                 ;
+-------------------------------------------+-------------------------------------------+


+----------------------------------------------------------------------------------------------------------------------------------------------------------------------------------------------------------------+
; Port Connectivity Checks: "rom:myrom"                                                                                                                                                                          ;
+---------+-------+----------+-----------------------------------------------------------------------------------------------------------------------------------------------------------------------------------+
; Port    ; Type  ; Severity ; Details                                                                                                                                                                           ;
+---------+-------+----------+-----------------------------------------------------------------------------------------------------------------------------------------------------------------------------------+
; address ; Input ; Warning  ; Input port expression (13 bits) is wider than the input port (9 bits) it drives.  The 4 most-significant bit(s) in the expression will be dangling if they have no other fanouts. ;
+---------+-------+----------+-----------------------------------------------------------------------------------------------------------------------------------------------------------------------------------+


+-----------------------------------------------------------------------------------------------------------------------+
; Port Connectivity Checks: "vga_out:myout"                                                                             ;
+-------------+--------+----------+-------------------------------------------------------------------------------------+
; Port        ; Type   ; Severity ; Details                                                                             ;
+-------------+--------+----------+-------------------------------------------------------------------------------------+
; addr[12..9] ; Output ; Info     ; Connected to dangling logic. Logic that only feeds a dangling port will be removed. ;
+-------------+--------+----------+-------------------------------------------------------------------------------------+


+----------------------------------------------+
; Port Connectivity Checks: "clkgen:my_vgaclk" ;
+-------+-------+----------+-------------------+
; Port  ; Type  ; Severity ; Details           ;
+-------+-------+----------+-------------------+
; clken ; Input ; Info     ; Stuck at VCC      ;
+-------+-------+----------+-------------------+


+-----------------------------------------------------+
; Post-Synthesis Netlist Statistics for Top Partition ;
+-----------------------+-----------------------------+
; Type                  ; Count                       ;
+-----------------------+-----------------------------+
; arriav_ff             ; 313                         ;
;     CLR               ; 1                           ;
;     CLR SCLR          ; 9                           ;
;     ENA               ; 58                          ;
;     ENA SCLR          ; 147                         ;
;     ENA SLD           ; 5                           ;
;     SCLR              ; 64                          ;
;     plain             ; 29                          ;
; arriav_io_obuf        ; 8                           ;
; arriav_lcell_comb     ; 596                         ;
;     arith             ; 304                         ;
;         1 data inputs ; 294                         ;
;         5 data inputs ; 10                          ;
;     normal            ; 292                         ;
;         0 data inputs ; 1                           ;
;         1 data inputs ; 2                           ;
;         2 data inputs ; 20                          ;
;         3 data inputs ; 111                         ;
;         4 data inputs ; 9                           ;
;         5 data inputs ; 43                          ;
;         6 data inputs ; 106                         ;
; boundary_port         ; 69                          ;
; stratixv_ram_block    ; 12                          ;
;                       ;                             ;
; Max LUT depth         ; 9.70                        ;
; Average LUT depth     ; 5.81                        ;
+-----------------------+-----------------------------+


+-------------------------------+
; Elapsed Time Per Partition    ;
+----------------+--------------+
; Partition Name ; Elapsed Time ;
+----------------+--------------+
; Top            ; 00:00:01     ;
+----------------+--------------+


+-------------------------------+
; Analysis & Synthesis Messages ;
+-------------------------------+
Info: *******************************************************************
Info: Running Quartus Prime Analysis & Synthesis
    Info: Version 17.1.0 Build 590 10/25/2017 SJ Lite Edition
    Info: Processing started: Sat Dec 21 21:22:53 2019
Info: Command: quartus_map --read_settings_files=on --write_settings_files=off lab12 -c lab12
Warning (18236): Number of processors has not been specified which may cause overloading on shared machines.  Set the global assignment NUM_PARALLEL_PROCESSORS in your QSF to an appropriate value for best performance.
Info (20030): Parallel compilation is enabled and will use 4 of the 4 processors detected
Info (12021): Found 1 design units, including 1 entities, in source file /quartus/mydesign/lab09_1/vga_ctrl.v
    Info (12023): Found entity 1: vga_ctrl File: D:/quartus/mydesign/lab09_1/vga_ctrl.v Line: 1
Info (12021): Found 1 design units, including 1 entities, in source file /quartus/mydesign/lab09_1/clkgen.v
    Info (12023): Found entity 1: clkgen File: D:/quartus/mydesign/lab09_1/clkgen.v Line: 1
Info (12021): Found 1 design units, including 1 entities, in source file lab12.v
    Info (12023): Found entity 1: lab12 File: D:/quartus/mydesign/lab12/lab12.v Line: 6
Info (12021): Found 1 design units, including 1 entities, in source file random.v
    Info (12023): Found entity 1: random File: D:/quartus/mydesign/lab12/random.v Line: 1
Info (12021): Found 1 design units, including 1 entities, in source file vga_out.v
    Info (12023): Found entity 1: vga_out File: D:/quartus/mydesign/lab12/vga_out.v Line: 73
Info (12021): Found 1 design units, including 1 entities, in source file rom.v
    Info (12023): Found entity 1: rom File: D:/quartus/mydesign/lab12/rom.v Line: 39
Info (12127): Elaborating entity "lab12" for the top level hierarchy
Warning (10034): Output port "LEDR" at lab12.v(21) has no driver File: D:/quartus/mydesign/lab12/lab12.v Line: 21
Warning (10034): Output port "AUD_DACDAT" at lab12.v(37) has no driver File: D:/quartus/mydesign/lab12/lab12.v Line: 37
Warning (10034): Output port "AUD_XCK" at lab12.v(39) has no driver File: D:/quartus/mydesign/lab12/lab12.v Line: 39
Warning (10034): Output port "FPGA_I2C_SCLK" at lab12.v(48) has no driver File: D:/quartus/mydesign/lab12/lab12.v Line: 48
Info (12128): Elaborating entity "clkgen" for hierarchy "clkgen:my_vgaclk" File: D:/quartus/mydesign/lab12/lab12.v Line: 68
Info (12128): Elaborating entity "vga_ctrl" for hierarchy "vga_ctrl:my_vga" File: D:/quartus/mydesign/lab12/lab12.v Line: 69
Info (12128): Elaborating entity "vga_out" for hierarchy "vga_out:myout" File: D:/quartus/mydesign/lab12/lab12.v Line: 70
Warning (10230): Verilog HDL assignment warning at vga_out.v(98): truncated value with size 32 to match size of target (3) File: D:/quartus/mydesign/lab12/vga_out.v Line: 98
Warning (10230): Verilog HDL assignment warning at vga_out.v(107): truncated value with size 32 to match size of target (13) File: D:/quartus/mydesign/lab12/vga_out.v Line: 107
Warning (10230): Verilog HDL assignment warning at vga_out.v(116): truncated value with size 32 to match size of target (13) File: D:/quartus/mydesign/lab12/vga_out.v Line: 116
Warning (10230): Verilog HDL assignment warning at vga_out.v(127): truncated value with size 32 to match size of target (13) File: D:/quartus/mydesign/lab12/vga_out.v Line: 127
Info (12128): Elaborating entity "rom" for hierarchy "rom:myrom" File: D:/quartus/mydesign/lab12/lab12.v Line: 71
Info (12128): Elaborating entity "altsyncram" for hierarchy "rom:myrom|altsyncram:altsyncram_component" File: D:/quartus/mydesign/lab12/rom.v Line: 81
Info (12130): Elaborated megafunction instantiation "rom:myrom|altsyncram:altsyncram_component" File: D:/quartus/mydesign/lab12/rom.v Line: 81
Info (12133): Instantiated megafunction "rom:myrom|altsyncram:altsyncram_component" with the following parameter: File: D:/quartus/mydesign/lab12/rom.v Line: 81
    Info (12134): Parameter "address_aclr_a" = "NONE"
    Info (12134): Parameter "clock_enable_input_a" = "BYPASS"
    Info (12134): Parameter "clock_enable_output_a" = "BYPASS"
    Info (12134): Parameter "init_file" = "../txt2mif/txt2mif/score.mif"
    Info (12134): Parameter "intended_device_family" = "Cyclone V"
    Info (12134): Parameter "lpm_hint" = "ENABLE_RUNTIME_MOD=NO"
    Info (12134): Parameter "lpm_type" = "altsyncram"
    Info (12134): Parameter "numwords_a" = "320"
    Info (12134): Parameter "operation_mode" = "ROM"
    Info (12134): Parameter "outdata_aclr_a" = "NONE"
    Info (12134): Parameter "outdata_reg_a" = "CLOCK0"
    Info (12134): Parameter "widthad_a" = "9"
    Info (12134): Parameter "width_a" = "12"
    Info (12134): Parameter "width_byteena_a" = "1"
Info (12021): Found 1 design units, including 1 entities, in source file db/altsyncram_l0h1.tdf
    Info (12023): Found entity 1: altsyncram_l0h1 File: D:/quartus/mydesign/lab12/db/altsyncram_l0h1.tdf Line: 27
Info (12128): Elaborating entity "altsyncram_l0h1" for hierarchy "rom:myrom|altsyncram:altsyncram_component|altsyncram_l0h1:auto_generated" File: d:/quartus/quartus/libraries/megafunctions/altsyncram.tdf Line: 791
Warning (12241): 1 hierarchies have connectivity warnings - see the Connectivity Checks report folder
Warning (13039): The following bidirectional pins have no drivers
    Warning (13040): bidirectional pin "AUD_ADCLRCK" has no driver File: D:/quartus/mydesign/lab12/lab12.v Line: 35
    Warning (13040): bidirectional pin "AUD_BCLK" has no driver File: D:/quartus/mydesign/lab12/lab12.v Line: 36
    Warning (13040): bidirectional pin "AUD_DACLRCK" has no driver File: D:/quartus/mydesign/lab12/lab12.v Line: 38
    Warning (13040): bidirectional pin "PS2_CLK" has no driver File: D:/quartus/mydesign/lab12/lab12.v Line: 42
    Warning (13040): bidirectional pin "PS2_CLK2" has no driver File: D:/quartus/mydesign/lab12/lab12.v Line: 43
    Warning (13040): bidirectional pin "PS2_DAT" has no driver File: D:/quartus/mydesign/lab12/lab12.v Line: 44
    Warning (13040): bidirectional pin "PS2_DAT2" has no driver File: D:/quartus/mydesign/lab12/lab12.v Line: 45
    Warning (13040): bidirectional pin "FPGA_I2C_SDAT" has no driver File: D:/quartus/mydesign/lab12/lab12.v Line: 50
Warning (13024): Output pins are stuck at VCC or GND
    Warning (13410): Pin "LEDR[0]" is stuck at GND File: D:/quartus/mydesign/lab12/lab12.v Line: 21
    Warning (13410): Pin "LEDR[1]" is stuck at GND File: D:/quartus/mydesign/lab12/lab12.v Line: 21
    Warning (13410): Pin "LEDR[2]" is stuck at GND File: D:/quartus/mydesign/lab12/lab12.v Line: 21
    Warning (13410): Pin "LEDR[3]" is stuck at GND File: D:/quartus/mydesign/lab12/lab12.v Line: 21
    Warning (13410): Pin "LEDR[4]" is stuck at GND File: D:/quartus/mydesign/lab12/lab12.v Line: 21
    Warning (13410): Pin "LEDR[5]" is stuck at GND File: D:/quartus/mydesign/lab12/lab12.v Line: 21
    Warning (13410): Pin "LEDR[6]" is stuck at GND File: D:/quartus/mydesign/lab12/lab12.v Line: 21
    Warning (13410): Pin "LEDR[7]" is stuck at GND File: D:/quartus/mydesign/lab12/lab12.v Line: 21
    Warning (13410): Pin "LEDR[8]" is stuck at GND File: D:/quartus/mydesign/lab12/lab12.v Line: 21
    Warning (13410): Pin "LEDR[9]" is stuck at GND File: D:/quartus/mydesign/lab12/lab12.v Line: 21
    Warning (13410): Pin "VGA_SYNC_N" is stuck at GND File: D:/quartus/mydesign/lab12/lab12.v Line: 30
    Warning (13410): Pin "AUD_DACDAT" is stuck at GND File: D:/quartus/mydesign/lab12/lab12.v Line: 37
    Warning (13410): Pin "AUD_XCK" is stuck at GND File: D:/quartus/mydesign/lab12/lab12.v Line: 39
    Warning (13410): Pin "FPGA_I2C_SCLK" is stuck at GND File: D:/quartus/mydesign/lab12/lab12.v Line: 48
Info (286030): Timing-Driven Synthesis is running
Info (16010): Generating hard_block partition "hard_block:auto_generated_inst"
    Info (16011): Adding 0 node(s), including 0 DDIO, 0 PLL, 0 transceiver and 0 LCELL
Warning (21074): Design contains 17 input pin(s) that do not drive logic
    Warning (15610): No output dependent on input pin "CLOCK2_50" File: D:/quartus/mydesign/lab12/lab12.v Line: 9
    Warning (15610): No output dependent on input pin "CLOCK3_50" File: D:/quartus/mydesign/lab12/lab12.v Line: 10
    Warning (15610): No output dependent on input pin "CLOCK4_50" File: D:/quartus/mydesign/lab12/lab12.v Line: 11
    Warning (15610): No output dependent on input pin "KEY[0]" File: D:/quartus/mydesign/lab12/lab12.v Line: 15
    Warning (15610): No output dependent on input pin "KEY[1]" File: D:/quartus/mydesign/lab12/lab12.v Line: 15
    Warning (15610): No output dependent on input pin "KEY[2]" File: D:/quartus/mydesign/lab12/lab12.v Line: 15
    Warning (15610): No output dependent on input pin "KEY[3]" File: D:/quartus/mydesign/lab12/lab12.v Line: 15
    Warning (15610): No output dependent on input pin "SW[1]" File: D:/quartus/mydesign/lab12/lab12.v Line: 18
    Warning (15610): No output dependent on input pin "SW[2]" File: D:/quartus/mydesign/lab12/lab12.v Line: 18
    Warning (15610): No output dependent on input pin "SW[3]" File: D:/quartus/mydesign/lab12/lab12.v Line: 18
    Warning (15610): No output dependent on input pin "SW[4]" File: D:/quartus/mydesign/lab12/lab12.v Line: 18
    Warning (15610): No output dependent on input pin "SW[5]" File: D:/quartus/mydesign/lab12/lab12.v Line: 18
    Warning (15610): No output dependent on input pin "SW[6]" File: D:/quartus/mydesign/lab12/lab12.v Line: 18
    Warning (15610): No output dependent on input pin "SW[7]" File: D:/quartus/mydesign/lab12/lab12.v Line: 18
    Warning (15610): No output dependent on input pin "SW[8]" File: D:/quartus/mydesign/lab12/lab12.v Line: 18
    Warning (15610): No output dependent on input pin "SW[9]" File: D:/quartus/mydesign/lab12/lab12.v Line: 18
    Warning (15610): No output dependent on input pin "AUD_ADCDAT" File: D:/quartus/mydesign/lab12/lab12.v Line: 34
Info (21057): Implemented 775 device resources after synthesis - the final resource count might be different
    Info (21058): Implemented 19 input pins
    Info (21059): Implemented 42 output pins
    Info (21060): Implemented 8 bidirectional pins
    Info (21061): Implemented 694 logic cells
    Info (21064): Implemented 12 RAM segments
Info: Quartus Prime Analysis & Synthesis was successful. 0 errors, 52 warnings
    Info: Peak virtual memory: 4845 megabytes
    Info: Processing ended: Sat Dec 21 21:23:05 2019
    Info: Elapsed time: 00:00:12
    Info: Total CPU time (on all processors): 00:00:25


