Analysis & Synthesis report for lab09_2
Fri Nov 08 08:53:59 2019
Quartus Prime Version 17.1.0 Build 590 10/25/2017 SJ Lite Edition


---------------------
; Table of Contents ;
---------------------
  1. Legal Notice
  2. Analysis & Synthesis Summary
  3. Analysis & Synthesis Settings
  4. Parallel Compilation
  5. Analysis & Synthesis Source Files Read
  6. Analysis & Synthesis Resource Usage Summary
  7. Analysis & Synthesis Resource Utilization by Entity
  8. Analysis & Synthesis RAM Summary
  9. Analysis & Synthesis DSP Block Usage Summary
 10. Analysis & Synthesis IP Cores Summary
 11. Registers Removed During Synthesis
 12. General Register Statistics
 13. Inverted Register Statistics
 14. Multiplexer Restructuring Statistics (Restructuring Performed)
 15. Source assignments for ram_:myram|altsyncram:altsyncram_component|altsyncram_7p22:auto_generated
 16. Parameter Settings for User Entity Instance: clkgen:my_vgaclk
 17. Parameter Settings for User Entity Instance: vga_ctrl:my_vga
 18. Parameter Settings for User Entity Instance: ram_:myram|altsyncram:altsyncram_component
 19. altsyncram Parameter Settings by Entity Instance
 20. Port Connectivity Checks: "ram_:myram"
 21. Port Connectivity Checks: "clkgen:my_vgaclk"
 22. Post-Synthesis Netlist Statistics for Top Partition
 23. Elapsed Time Per Partition
 24. Analysis & Synthesis Messages



----------------
; Legal Notice ;
----------------
Copyright (C) 2017  Intel Corporation. All rights reserved.
Your use of Intel Corporation's design tools, logic functions 
and other software and tools, and its AMPP partner logic 
functions, and any output files from any of the foregoing 
(including device programming or simulation files), and any 
associated documentation or information are expressly subject 
to the terms and conditions of the Intel Program License 
Subscription Agreement, the Intel Quartus Prime License Agreement,
the Intel FPGA IP License Agreement, or other applicable license
agreement, including, without limitation, that your use is for
the sole purpose of programming logic devices manufactured by
Intel and sold by Intel or its authorized distributors.  Please
refer to the applicable agreement for further details.



+-------------------------------------------------------------------------------+
; Analysis & Synthesis Summary                                                  ;
+---------------------------------+---------------------------------------------+
; Analysis & Synthesis Status     ; Successful - Fri Nov 08 08:53:59 2019       ;
; Quartus Prime Version           ; 17.1.0 Build 590 10/25/2017 SJ Lite Edition ;
; Revision Name                   ; lab09_2                                     ;
; Top-level Entity Name           ; lab09_2                                     ;
; Family                          ; Cyclone V                                   ;
; Logic utilization (in ALMs)     ; N/A                                         ;
; Total registers                 ; 121                                         ;
; Total pins                      ; 43                                          ;
; Total virtual pins              ; 0                                           ;
; Total block memory bits         ; 120,000                                     ;
; Total DSP Blocks                ; 1                                           ;
; Total HSSI RX PCSs              ; 0                                           ;
; Total HSSI PMA RX Deserializers ; 0                                           ;
; Total HSSI TX PCSs              ; 0                                           ;
; Total HSSI PMA TX Serializers   ; 0                                           ;
; Total PLLs                      ; 0                                           ;
; Total DLLs                      ; 0                                           ;
+---------------------------------+---------------------------------------------+


+---------------------------------------------------------------------------------------------------------------------------+
; Analysis & Synthesis Settings                                                                                             ;
+---------------------------------------------------------------------------------+--------------------+--------------------+
; Option                                                                          ; Setting            ; Default Value      ;
+---------------------------------------------------------------------------------+--------------------+--------------------+
; Device                                                                          ; 5CSXFC6D6F31C6     ;                    ;
; Top-level entity name                                                           ; lab09_2            ; lab09_2            ;
; Family name                                                                     ; Cyclone V          ; Cyclone V          ;
; Use smart compilation                                                           ; Off                ; Off                ;
; Enable parallel Assembler and TimeQuest Timing Analyzer during compilation      ; On                 ; On                 ;
; Enable compact report table                                                     ; Off                ; Off                ;
; Restructure Multiplexers                                                        ; Auto               ; Auto               ;
; MLAB Add Timing Constraints For Mixed-Port Feed-Through Mode Setting Don't Care ; Off                ; Off                ;
; Create Debugging Nodes for IP Cores                                             ; Off                ; Off                ;
; Preserve fewer node names                                                       ; On                 ; On                 ;
; Intel FPGA IP Evaluation Mode                                                   ; Enable             ; Enable             ;
; Verilog Version                                                                 ; Verilog_2001       ; Verilog_2001       ;
; VHDL Version                                                                    ; VHDL_1993          ; VHDL_1993          ;
; State Machine Processing                                                        ; Auto               ; Auto               ;
; Safe State Machine                                                              ; Off                ; Off                ;
; Extract Verilog State Machines                                                  ; On                 ; On                 ;
; Extract VHDL State Machines                                                     ; On                 ; On                 ;
; Ignore Verilog initial constructs                                               ; Off                ; Off                ;
; Iteration limit for constant Verilog loops                                      ; 5000               ; 5000               ;
; Iteration limit for non-constant Verilog loops                                  ; 250                ; 250                ;
; Add Pass-Through Logic to Inferred RAMs                                         ; On                 ; On                 ;
; Infer RAMs from Raw Logic                                                       ; On                 ; On                 ;
; Parallel Synthesis                                                              ; On                 ; On                 ;
; DSP Block Balancing                                                             ; Auto               ; Auto               ;
; NOT Gate Push-Back                                                              ; On                 ; On                 ;
; Power-Up Don't Care                                                             ; On                 ; On                 ;
; Remove Redundant Logic Cells                                                    ; Off                ; Off                ;
; Remove Duplicate Registers                                                      ; On                 ; On                 ;
; Ignore CARRY Buffers                                                            ; Off                ; Off                ;
; Ignore CASCADE Buffers                                                          ; Off                ; Off                ;
; Ignore GLOBAL Buffers                                                           ; Off                ; Off                ;
; Ignore ROW GLOBAL Buffers                                                       ; Off                ; Off                ;
; Ignore LCELL Buffers                                                            ; Off                ; Off                ;
; Ignore SOFT Buffers                                                             ; On                 ; On                 ;
; Limit AHDL Integers to 32 Bits                                                  ; Off                ; Off                ;
; Optimization Technique                                                          ; Balanced           ; Balanced           ;
; Carry Chain Length                                                              ; 70                 ; 70                 ;
; Auto Carry Chains                                                               ; On                 ; On                 ;
; Auto Open-Drain Pins                                                            ; On                 ; On                 ;
; Perform WYSIWYG Primitive Resynthesis                                           ; Off                ; Off                ;
; Auto ROM Replacement                                                            ; On                 ; On                 ;
; Auto RAM Replacement                                                            ; On                 ; On                 ;
; Auto DSP Block Replacement                                                      ; On                 ; On                 ;
; Auto Shift Register Replacement                                                 ; Auto               ; Auto               ;
; Allow Shift Register Merging across Hierarchies                                 ; Auto               ; Auto               ;
; Auto Clock Enable Replacement                                                   ; On                 ; On                 ;
; Strict RAM Replacement                                                          ; Off                ; Off                ;
; Allow Synchronous Control Signals                                               ; On                 ; On                 ;
; Force Use of Synchronous Clear Signals                                          ; Off                ; Off                ;
; Auto Resource Sharing                                                           ; Off                ; Off                ;
; Allow Any RAM Size For Recognition                                              ; Off                ; Off                ;
; Allow Any ROM Size For Recognition                                              ; Off                ; Off                ;
; Allow Any Shift Register Size For Recognition                                   ; Off                ; Off                ;
; Use LogicLock Constraints during Resource Balancing                             ; On                 ; On                 ;
; Ignore translate_off and synthesis_off directives                               ; Off                ; Off                ;
; Timing-Driven Synthesis                                                         ; On                 ; On                 ;
; Report Parameter Settings                                                       ; On                 ; On                 ;
; Report Source Assignments                                                       ; On                 ; On                 ;
; Report Connectivity Checks                                                      ; On                 ; On                 ;
; Ignore Maximum Fan-Out Assignments                                              ; Off                ; Off                ;
; Synchronization Register Chain Length                                           ; 3                  ; 3                  ;
; Power Optimization During Synthesis                                             ; Normal compilation ; Normal compilation ;
; HDL message level                                                               ; Level2             ; Level2             ;
; Suppress Register Optimization Related Messages                                 ; Off                ; Off                ;
; Number of Removed Registers Reported in Synthesis Report                        ; 5000               ; 5000               ;
; Number of Swept Nodes Reported in Synthesis Report                              ; 5000               ; 5000               ;
; Number of Inverted Registers Reported in Synthesis Report                       ; 100                ; 100                ;
; Clock MUX Protection                                                            ; On                 ; On                 ;
; Auto Gated Clock Conversion                                                     ; Off                ; Off                ;
; Block Design Naming                                                             ; Auto               ; Auto               ;
; SDC constraint protection                                                       ; Off                ; Off                ;
; Synthesis Effort                                                                ; Auto               ; Auto               ;
; Shift Register Replacement - Allow Asynchronous Clear Signal                    ; On                 ; On                 ;
; Pre-Mapping Resynthesis Optimization                                            ; Off                ; Off                ;
; Analysis & Synthesis Message Level                                              ; Medium             ; Medium             ;
; Disable Register Merging Across Hierarchies                                     ; Auto               ; Auto               ;
; Resource Aware Inference For Block RAM                                          ; On                 ; On                 ;
; Automatic Parallel Synthesis                                                    ; On                 ; On                 ;
; Partial Reconfiguration Bitstream ID                                            ; Off                ; Off                ;
+---------------------------------------------------------------------------------+--------------------+--------------------+


+------------------------------------------+
; Parallel Compilation                     ;
+----------------------------+-------------+
; Processors                 ; Number      ;
+----------------------------+-------------+
; Number detected on machine ; 8           ;
; Maximum allowed            ; 4           ;
;                            ;             ;
; Average used               ; 1.00        ;
; Maximum used               ; 4           ;
;                            ;             ;
; Usage by Processor         ; % Time Used ;
;     Processor 1            ; 100.0%      ;
;     Processors 2-4         ;   0.0%      ;
+----------------------------+-------------+


+--------------------------------------------------------------------------------------------------------------------------------------------------------------------------------------------------+
; Analysis & Synthesis Source Files Read                                                                                                                                                           ;
+----------------------------------------------------------+-----------------+----------------------------------------+------------------------------------------------------------------+---------+
; File Name with User-Entered Path                         ; Used in Netlist ; File Type                              ; File Name with Absolute Path                                     ; Library ;
+----------------------------------------------------------+-----------------+----------------------------------------+------------------------------------------------------------------+---------+
; mydesign.v                                               ; yes             ; User Verilog HDL File                  ; D:/quartus/mydesign/lab09_2/mydesign.v                           ;         ;
; lab09_2.v                                                ; yes             ; User Verilog HDL File                  ; D:/quartus/mydesign/lab09_2/lab09_2.v                            ;         ;
; clkgen.v                                                 ; yes             ; User Verilog HDL File                  ; D:/quartus/mydesign/lab09_2/clkgen.v                             ;         ;
; vga_ctrl.v                                               ; yes             ; User Verilog HDL File                  ; D:/quartus/mydesign/lab09_2/vga_ctrl.v                           ;         ;
; ram_.v                                                   ; yes             ; User Wizard-Generated File             ; D:/quartus/mydesign/lab09_2/ram_.v                               ;         ;
; altsyncram.tdf                                           ; yes             ; Megafunction                           ; d:/quartus/quartus/libraries/megafunctions/altsyncram.tdf        ;         ;
; stratix_ram_block.inc                                    ; yes             ; Megafunction                           ; d:/quartus/quartus/libraries/megafunctions/stratix_ram_block.inc ;         ;
; lpm_mux.inc                                              ; yes             ; Megafunction                           ; d:/quartus/quartus/libraries/megafunctions/lpm_mux.inc           ;         ;
; lpm_decode.inc                                           ; yes             ; Megafunction                           ; d:/quartus/quartus/libraries/megafunctions/lpm_decode.inc        ;         ;
; aglobal171.inc                                           ; yes             ; Megafunction                           ; d:/quartus/quartus/libraries/megafunctions/aglobal171.inc        ;         ;
; a_rdenreg.inc                                            ; yes             ; Megafunction                           ; d:/quartus/quartus/libraries/megafunctions/a_rdenreg.inc         ;         ;
; altrom.inc                                               ; yes             ; Megafunction                           ; d:/quartus/quartus/libraries/megafunctions/altrom.inc            ;         ;
; altram.inc                                               ; yes             ; Megafunction                           ; d:/quartus/quartus/libraries/megafunctions/altram.inc            ;         ;
; altdpram.inc                                             ; yes             ; Megafunction                           ; d:/quartus/quartus/libraries/megafunctions/altdpram.inc          ;         ;
; db/altsyncram_7p22.tdf                                   ; yes             ; Auto-Generated Megafunction            ; D:/quartus/mydesign/lab09_2/db/altsyncram_7p22.tdf               ;         ;
; /quartus/mydesign/lab09_1/jpg_to_mif/jpg_to_mif/snow.mif ; yes             ; Auto-Found Memory Initialization File  ; /quartus/mydesign/lab09_1/jpg_to_mif/jpg_to_mif/snow.mif         ;         ;
; db/decode_5la.tdf                                        ; yes             ; Auto-Generated Megafunction            ; D:/quartus/mydesign/lab09_2/db/decode_5la.tdf                    ;         ;
; db/decode_u0a.tdf                                        ; yes             ; Auto-Generated Megafunction            ; D:/quartus/mydesign/lab09_2/db/decode_u0a.tdf                    ;         ;
; db/mux_0hb.tdf                                           ; yes             ; Auto-Generated Megafunction            ; D:/quartus/mydesign/lab09_2/db/mux_0hb.tdf                       ;         ;
+----------------------------------------------------------+-----------------+----------------------------------------+------------------------------------------------------------------+---------+


+--------------------------------------------------------------+
; Analysis & Synthesis Resource Usage Summary                  ;
+---------------------------------------------+----------------+
; Resource                                    ; Usage          ;
+---------------------------------------------+----------------+
; Estimate of Logic utilization (ALMs needed) ; 184            ;
;                                             ;                ;
; Combinational ALUT usage for logic          ; 307            ;
;     -- 7 input functions                    ; 0              ;
;     -- 6 input functions                    ; 60             ;
;     -- 5 input functions                    ; 47             ;
;     -- 4 input functions                    ; 28             ;
;     -- <=3 input functions                  ; 172            ;
;                                             ;                ;
; Dedicated logic registers                   ; 121            ;
;                                             ;                ;
; I/O pins                                    ; 43             ;
; Total MLAB memory bits                      ; 0              ;
; Total block memory bits                     ; 120000         ;
;                                             ;                ;
; Total DSP Blocks                            ; 1              ;
;                                             ;                ;
; Maximum fan-out node                        ; CLOCK_50~input ;
; Maximum fan-out                             ; 125            ;
; Total fan-out                               ; 1910           ;
; Average fan-out                             ; 3.54           ;
+---------------------------------------------+----------------+


+--------------------------------------------------------------------------------------------------------------------------------------------------------------------------------------------------------------------------------------------------------------------------+
; Analysis & Synthesis Resource Utilization by Entity                                                                                                                                                                                                                      ;
+-------------------------------------------+---------------------+---------------------------+-------------------+------------+------+--------------+------------------------------------------------------------------------------------+-----------------+--------------+
; Compilation Hierarchy Node                ; Combinational ALUTs ; Dedicated Logic Registers ; Block Memory Bits ; DSP Blocks ; Pins ; Virtual Pins ; Full Hierarchy Name                                                                ; Entity Name     ; Library Name ;
+-------------------------------------------+---------------------+---------------------------+-------------------+------------+------+--------------+------------------------------------------------------------------------------------+-----------------+--------------+
; |lab09_2                                  ; 307 (39)            ; 121 (0)                   ; 120000            ; 1          ; 43   ; 0            ; |lab09_2                                                                           ; lab09_2         ; work         ;
;    |clkgen:my_vgaclk|                     ; 43 (43)             ; 33 (33)                   ; 0                 ; 0          ; 0    ; 0            ; |lab09_2|clkgen:my_vgaclk                                                          ; clkgen          ; work         ;
;    |mydesign:whl|                         ; 155 (155)           ; 66 (66)                   ; 0                 ; 0          ; 0    ; 0            ; |lab09_2|mydesign:whl                                                              ; mydesign        ; work         ;
;    |ram_:myram|                           ; 0 (0)               ; 2 (0)                     ; 120000            ; 0          ; 0    ; 0            ; |lab09_2|ram_:myram                                                                ; ram_            ; work         ;
;       |altsyncram:altsyncram_component|   ; 0 (0)               ; 2 (0)                     ; 120000            ; 0          ; 0    ; 0            ; |lab09_2|ram_:myram|altsyncram:altsyncram_component                                ; altsyncram      ; work         ;
;          |altsyncram_7p22:auto_generated| ; 0 (0)               ; 2 (2)                     ; 120000            ; 0          ; 0    ; 0            ; |lab09_2|ram_:myram|altsyncram:altsyncram_component|altsyncram_7p22:auto_generated ; altsyncram_7p22 ; work         ;
;    |vga_ctrl:my_vga|                      ; 70 (70)             ; 20 (20)                   ; 0                 ; 0          ; 0    ; 0            ; |lab09_2|vga_ctrl:my_vga                                                           ; vga_ctrl        ; work         ;
+-------------------------------------------+---------------------+---------------------------+-------------------+------------+------+--------------+------------------------------------------------------------------------------------+-----------------+--------------+
Note: For table entries with two numbers listed, the numbers in parentheses indicate the number of resources of the given type used by the specific entity alone. The numbers listed outside of parentheses indicate the total resources of the given type used by the specific entity and all of its sub-entities in the hierarchy.


+---------------------------------------------------------------------------------------------------------------------------------------------------------------------------------------------------------------------------------+
; Analysis & Synthesis RAM Summary                                                                                                                                                                                                ;
+--------------------------------------------------------------------------------------+------+------------------+--------------+--------------+--------------+--------------+--------+-------------------------------------------+
; Name                                                                                 ; Type ; Mode             ; Port A Depth ; Port A Width ; Port B Depth ; Port B Width ; Size   ; MIF                                       ;
+--------------------------------------------------------------------------------------+------+------------------+--------------+--------------+--------------+--------------+--------+-------------------------------------------+
; ram_:myram|altsyncram:altsyncram_component|altsyncram_7p22:auto_generated|ALTSYNCRAM ; AUTO ; Simple Dual Port ; 10000        ; 12           ; 10000        ; 12           ; 120000 ; ../lab09_1/jpg_to_mif/jpg_to_mif/snow.mif ;
+--------------------------------------------------------------------------------------+------+------------------+--------------+--------------+--------------+--------------+--------+-------------------------------------------+


+-----------------------------------------------+
; Analysis & Synthesis DSP Block Usage Summary  ;
+---------------------------------+-------------+
; Statistic                       ; Number Used ;
+---------------------------------+-------------+
; Two Independent 18x18           ; 1           ;
; Total number of DSP blocks      ; 1           ;
;                                 ;             ;
; Fixed Point Unsigned Multiplier ; 1           ;
+---------------------------------+-------------+


+-------------------------------------------------------------------------------------------------------+
; Analysis & Synthesis IP Cores Summary                                                                 ;
+--------+--------------+---------+--------------+--------------+---------------------+-----------------+
; Vendor ; IP Core Name ; Version ; Release Date ; License Type ; Entity Instance     ; IP Include File ;
+--------+--------------+---------+--------------+--------------+---------------------+-----------------+
; Altera ; RAM: 2-PORT  ; 17.1    ; N/A          ; N/A          ; |lab09_2|ram_:myram ; ram_.v          ;
+--------+--------------+---------+--------------+--------------+---------------------+-----------------+


+-----------------------------------------------------------------------------------+
; Registers Removed During Synthesis                                                ;
+------------------------------------------+----------------------------------------+
; Register name                            ; Reason for Removal                     ;
+------------------------------------------+----------------------------------------+
; mydesign:whl|vga_data[0..3,8..11,16..19] ; Stuck at GND due to stuck port data_in ;
; Total Number of Removed Registers = 12   ;                                        ;
+------------------------------------------+----------------------------------------+


+------------------------------------------------------+
; General Register Statistics                          ;
+----------------------------------------------+-------+
; Statistic                                    ; Value ;
+----------------------------------------------+-------+
; Total registers                              ; 121   ;
; Number of registers using Synchronous Clear  ; 94    ;
; Number of registers using Synchronous Load   ; 0     ;
; Number of registers using Asynchronous Clear ; 10    ;
; Number of registers using Asynchronous Load  ; 0     ;
; Number of registers using Clock Enable       ; 31    ;
; Number of registers using Preset             ; 0     ;
+----------------------------------------------+-------+


+--------------------------------------------------+
; Inverted Register Statistics                     ;
+----------------------------------------+---------+
; Inverted Register                      ; Fan out ;
+----------------------------------------+---------+
; vga_ctrl:my_vga|x_cnt[0]               ; 6       ;
; Total number of inverted registers = 1 ;         ;
+----------------------------------------+---------+


+-----------------------------------------------------------------------------------------------------------------------------------------------------+
; Multiplexer Restructuring Statistics (Restructuring Performed)                                                                                      ;
+--------------------+-----------+---------------+----------------------+------------------------+------------+---------------------------------------+
; Multiplexer Inputs ; Bus Width ; Baseline Area ; Area if Restructured ; Saving if Restructured ; Registered ; Example Multiplexer Output            ;
+--------------------+-----------+---------------+----------------------+------------------------+------------+---------------------------------------+
; 3:1                ; 12 bits   ; 24 LEs        ; 12 LEs               ; 12 LEs                 ; Yes        ; |lab09_2|mydesign:whl|vga_data[4]     ;
; 3:1                ; 32 bits   ; 64 LEs        ; 0 LEs                ; 64 LEs                 ; Yes        ; |lab09_2|clkgen:my_vgaclk|clkcount[0] ;
; 4:1                ; 9 bits    ; 18 LEs        ; 0 LEs                ; 18 LEs                 ; Yes        ; |lab09_2|vga_ctrl:my_vga|y_cnt[5]     ;
+--------------------+-----------+---------------+----------------------+------------------------+------------+---------------------------------------+


+--------------------------------------------------------------------------------------------------+
; Source assignments for ram_:myram|altsyncram:altsyncram_component|altsyncram_7p22:auto_generated ;
+---------------------------------+--------------------+------+------------------------------------+
; Assignment                      ; Value              ; From ; To                                 ;
+---------------------------------+--------------------+------+------------------------------------+
; OPTIMIZE_POWER_DURING_SYNTHESIS ; NORMAL_COMPILATION ; -    ; -                                  ;
+---------------------------------+--------------------+------+------------------------------------+


+---------------------------------------------------------------+
; Parameter Settings for User Entity Instance: clkgen:my_vgaclk ;
+----------------+----------+-----------------------------------+
; Parameter Name ; Value    ; Type                              ;
+----------------+----------+-----------------------------------+
; clk_freq       ; 25000000 ; Signed Integer                    ;
; countlimit     ; 1        ; Signed Integer                    ;
+----------------+----------+-----------------------------------+
Note: In order to hide this table in the UI and the text report file, please set the "Show Parameter Settings in Synthesis Report" option in "Analysis and Synthesis Settings -> More Settings" to "Off".


+--------------------------------------------------------------+
; Parameter Settings for User Entity Instance: vga_ctrl:my_vga ;
+----------------+-------+-------------------------------------+
; Parameter Name ; Value ; Type                                ;
+----------------+-------+-------------------------------------+
; h_frontporch   ; 96    ; Signed Integer                      ;
; h_active       ; 144   ; Signed Integer                      ;
; h_backporch    ; 784   ; Signed Integer                      ;
; h_total        ; 800   ; Signed Integer                      ;
; v_frontporch   ; 2     ; Signed Integer                      ;
; v_active       ; 35    ; Signed Integer                      ;
; v_backporch    ; 515   ; Signed Integer                      ;
; v_total        ; 525   ; Signed Integer                      ;
+----------------+-------+-------------------------------------+
Note: In order to hide this table in the UI and the text report file, please set the "Show Parameter Settings in Synthesis Report" option in "Analysis and Synthesis Settings -> More Settings" to "Off".


+-------------------------------------------------------------------------------------------------+
; Parameter Settings for User Entity Instance: ram_:myram|altsyncram:altsyncram_component         ;
+------------------------------------+-------------------------------------------+----------------+
; Parameter Name                     ; Value                                     ; Type           ;
+------------------------------------+-------------------------------------------+----------------+
; BYTE_SIZE_BLOCK                    ; 8                                         ; Untyped        ;
; AUTO_CARRY_CHAINS                  ; ON                                        ; AUTO_CARRY     ;
; IGNORE_CARRY_BUFFERS               ; OFF                                       ; IGNORE_CARRY   ;
; AUTO_CASCADE_CHAINS                ; ON                                        ; AUTO_CASCADE   ;
; IGNORE_CASCADE_BUFFERS             ; OFF                                       ; IGNORE_CASCADE ;
; WIDTH_BYTEENA                      ; 1                                         ; Untyped        ;
; OPERATION_MODE                     ; DUAL_PORT                                 ; Untyped        ;
; WIDTH_A                            ; 12                                        ; Signed Integer ;
; WIDTHAD_A                          ; 14                                        ; Signed Integer ;
; NUMWORDS_A                         ; 10000                                     ; Signed Integer ;
; OUTDATA_REG_A                      ; UNREGISTERED                              ; Untyped        ;
; ADDRESS_ACLR_A                     ; NONE                                      ; Untyped        ;
; OUTDATA_ACLR_A                     ; NONE                                      ; Untyped        ;
; WRCONTROL_ACLR_A                   ; NONE                                      ; Untyped        ;
; INDATA_ACLR_A                      ; NONE                                      ; Untyped        ;
; BYTEENA_ACLR_A                     ; NONE                                      ; Untyped        ;
; WIDTH_B                            ; 12                                        ; Signed Integer ;
; WIDTHAD_B                          ; 14                                        ; Signed Integer ;
; NUMWORDS_B                         ; 10000                                     ; Signed Integer ;
; INDATA_REG_B                       ; CLOCK1                                    ; Untyped        ;
; WRCONTROL_WRADDRESS_REG_B          ; CLOCK1                                    ; Untyped        ;
; RDCONTROL_REG_B                    ; CLOCK1                                    ; Untyped        ;
; ADDRESS_REG_B                      ; CLOCK0                                    ; Untyped        ;
; OUTDATA_REG_B                      ; CLOCK0                                    ; Untyped        ;
; BYTEENA_REG_B                      ; CLOCK1                                    ; Untyped        ;
; INDATA_ACLR_B                      ; NONE                                      ; Untyped        ;
; WRCONTROL_ACLR_B                   ; NONE                                      ; Untyped        ;
; ADDRESS_ACLR_B                     ; NONE                                      ; Untyped        ;
; OUTDATA_ACLR_B                     ; NONE                                      ; Untyped        ;
; RDCONTROL_ACLR_B                   ; NONE                                      ; Untyped        ;
; BYTEENA_ACLR_B                     ; NONE                                      ; Untyped        ;
; WIDTH_BYTEENA_A                    ; 1                                         ; Signed Integer ;
; WIDTH_BYTEENA_B                    ; 1                                         ; Untyped        ;
; RAM_BLOCK_TYPE                     ; AUTO                                      ; Untyped        ;
; BYTE_SIZE                          ; 8                                         ; Untyped        ;
; READ_DURING_WRITE_MODE_MIXED_PORTS ; DONT_CARE                                 ; Untyped        ;
; READ_DURING_WRITE_MODE_PORT_A      ; NEW_DATA_NO_NBE_READ                      ; Untyped        ;
; READ_DURING_WRITE_MODE_PORT_B      ; NEW_DATA_NO_NBE_READ                      ; Untyped        ;
; INIT_FILE                          ; ../lab09_1/jpg_to_mif/jpg_to_mif/snow.mif ; Untyped        ;
; INIT_FILE_LAYOUT                   ; PORT_A                                    ; Untyped        ;
; MAXIMUM_DEPTH                      ; 0                                         ; Untyped        ;
; CLOCK_ENABLE_INPUT_A               ; BYPASS                                    ; Untyped        ;
; CLOCK_ENABLE_INPUT_B               ; BYPASS                                    ; Untyped        ;
; CLOCK_ENABLE_OUTPUT_A              ; NORMAL                                    ; Untyped        ;
; CLOCK_ENABLE_OUTPUT_B              ; BYPASS                                    ; Untyped        ;
; CLOCK_ENABLE_CORE_A                ; USE_INPUT_CLKEN                           ; Untyped        ;
; CLOCK_ENABLE_CORE_B                ; USE_INPUT_CLKEN                           ; Untyped        ;
; ENABLE_ECC                         ; FALSE                                     ; Untyped        ;
; ECC_PIPELINE_STAGE_ENABLED         ; FALSE                                     ; Untyped        ;
; WIDTH_ECCSTATUS                    ; 3                                         ; Untyped        ;
; DEVICE_FAMILY                      ; Cyclone V                                 ; Untyped        ;
; CBXI_PARAMETER                     ; altsyncram_7p22                           ; Untyped        ;
+------------------------------------+-------------------------------------------+----------------+
Note: In order to hide this table in the UI and the text report file, please set the "Show Parameter Settings in Synthesis Report" option in "Analysis and Synthesis Settings -> More Settings" to "Off".


+----------------------------------------------------------------------------------------+
; altsyncram Parameter Settings by Entity Instance                                       ;
+-------------------------------------------+--------------------------------------------+
; Name                                      ; Value                                      ;
+-------------------------------------------+--------------------------------------------+
; Number of entity instances                ; 1                                          ;
; Entity Instance                           ; ram_:myram|altsyncram:altsyncram_component ;
;     -- OPERATION_MODE                     ; DUAL_PORT                                  ;
;     -- WIDTH_A                            ; 12                                         ;
;     -- NUMWORDS_A                         ; 10000                                      ;
;     -- OUTDATA_REG_A                      ; UNREGISTERED                               ;
;     -- WIDTH_B                            ; 12                                         ;
;     -- NUMWORDS_B                         ; 10000                                      ;
;     -- ADDRESS_REG_B                      ; CLOCK0                                     ;
;     -- OUTDATA_REG_B                      ; CLOCK0                                     ;
;     -- RAM_BLOCK_TYPE                     ; AUTO                                       ;
;     -- READ_DURING_WRITE_MODE_MIXED_PORTS ; DONT_CARE                                  ;
+-------------------------------------------+--------------------------------------------+


+---------------------------------------------------------------------------------------------------------------------------------------------------------------------------------------------------------------------------+
; Port Connectivity Checks: "ram_:myram"                                                                                                                                                                                    ;
+------------------+-------+----------+-------------------------------------------------------------------------------------------------------------------------------------------------------------------------------------+
; Port             ; Type  ; Severity ; Details                                                                                                                                                                             ;
+------------------+-------+----------+-------------------------------------------------------------------------------------------------------------------------------------------------------------------------------------+
; data             ; Input ; Warning  ; Input port expression (32 bits) is wider than the input port (12 bits) it drives.  The 20 most-significant bit(s) in the expression will be dangling if they have no other fanouts. ;
; data[11..0]      ; Input ; Info     ; Stuck at GND                                                                                                                                                                        ;
; rdaddress        ; Input ; Warning  ; Input port expression (32 bits) is wider than the input port (14 bits) it drives.  The 18 most-significant bit(s) in the expression will be dangling if they have no other fanouts. ;
; wraddress        ; Input ; Warning  ; Input port expression (32 bits) is wider than the input port (14 bits) it drives.  The 18 most-significant bit(s) in the expression will be dangling if they have no other fanouts. ;
; wraddress[13..0] ; Input ; Info     ; Stuck at GND                                                                                                                                                                        ;
; wren             ; Input ; Warning  ; Input port expression (32 bits) is wider than the input port (1 bits) it drives.  The 31 most-significant bit(s) in the expression will be dangling if they have no other fanouts.  ;
; wren[-1]         ; Input ; Info     ; Stuck at GND                                                                                                                                                                        ;
+------------------+-------+----------+-------------------------------------------------------------------------------------------------------------------------------------------------------------------------------------+


+----------------------------------------------+
; Port Connectivity Checks: "clkgen:my_vgaclk" ;
+-------+-------+----------+-------------------+
; Port  ; Type  ; Severity ; Details           ;
+-------+-------+----------+-------------------+
; clken ; Input ; Info     ; Stuck at VCC      ;
+-------+-------+----------+-------------------+


+-----------------------------------------------------+
; Post-Synthesis Netlist Statistics for Top Partition ;
+-----------------------+-----------------------------+
; Type                  ; Count                       ;
+-----------------------+-----------------------------+
; arriav_ff             ; 121                         ;
;     CLR               ; 1                           ;
;     CLR SCLR          ; 9                           ;
;     ENA               ; 22                          ;
;     ENA SCLR          ; 9                           ;
;     SCLR              ; 76                          ;
;     plain             ; 4                           ;
; arriav_lcell_comb     ; 308                         ;
;     arith             ; 182                         ;
;         0 data inputs ; 6                           ;
;         1 data inputs ; 124                         ;
;         2 data inputs ; 14                          ;
;         4 data inputs ; 18                          ;
;         5 data inputs ; 20                          ;
;     normal            ; 126                         ;
;         0 data inputs ; 1                           ;
;         1 data inputs ; 2                           ;
;         2 data inputs ; 4                           ;
;         3 data inputs ; 22                          ;
;         4 data inputs ; 10                          ;
;         5 data inputs ; 27                          ;
;         6 data inputs ; 60                          ;
; arriav_mac            ; 1                           ;
; boundary_port         ; 43                          ;
; stratixv_ram_block    ; 24                          ;
;                       ;                             ;
; Max LUT depth         ; 6.00                        ;
; Average LUT depth     ; 3.94                        ;
+-----------------------+-----------------------------+


+-------------------------------+
; Elapsed Time Per Partition    ;
+----------------+--------------+
; Partition Name ; Elapsed Time ;
+----------------+--------------+
; Top            ; 00:00:00     ;
+----------------+--------------+


+-------------------------------+
; Analysis & Synthesis Messages ;
+-------------------------------+
Info: *******************************************************************
Info: Running Quartus Prime Analysis & Synthesis
    Info: Version 17.1.0 Build 590 10/25/2017 SJ Lite Edition
    Info: Processing started: Fri Nov 08 08:53:47 2019
Info: Command: quartus_map --read_settings_files=on --write_settings_files=off lab09_2 -c lab09_2
Warning (18236): Number of processors has not been specified which may cause overloading on shared machines.  Set the global assignment NUM_PARALLEL_PROCESSORS in your QSF to an appropriate value for best performance.
Info (20030): Parallel compilation is enabled and will use 4 of the 4 processors detected
Info (12021): Found 1 design units, including 1 entities, in source file mydesign.v
    Info (12023): Found entity 1: mydesign File: D:/quartus/mydesign/lab09_2/mydesign.v Line: 1
Info (12021): Found 1 design units, including 1 entities, in source file lab09_2.v
    Info (12023): Found entity 1: lab09_2 File: D:/quartus/mydesign/lab09_2/lab09_2.v Line: 6
Info (12021): Found 1 design units, including 1 entities, in source file clkgen.v
    Info (12023): Found entity 1: clkgen File: D:/quartus/mydesign/lab09_2/clkgen.v Line: 1
Info (12021): Found 1 design units, including 1 entities, in source file vga_ctrl.v
    Info (12023): Found entity 1: vga_ctrl File: D:/quartus/mydesign/lab09_2/vga_ctrl.v Line: 1
Info (12021): Found 1 design units, including 1 entities, in source file ram_.v
    Info (12023): Found entity 1: ram_ File: D:/quartus/mydesign/lab09_2/ram_.v Line: 39
Info (12127): Elaborating entity "lab09_2" for the top level hierarchy
Info (12128): Elaborating entity "clkgen" for hierarchy "clkgen:my_vgaclk" File: D:/quartus/mydesign/lab09_2/lab09_2.v Line: 43
Info (12128): Elaborating entity "vga_ctrl" for hierarchy "vga_ctrl:my_vga" File: D:/quartus/mydesign/lab09_2/lab09_2.v Line: 44
Info (12128): Elaborating entity "mydesign" for hierarchy "mydesign:whl" File: D:/quartus/mydesign/lab09_2/lab09_2.v Line: 45
Warning (10230): Verilog HDL assignment warning at mydesign.v(40): truncated value with size 32 to match size of target (10) File: D:/quartus/mydesign/lab09_2/mydesign.v Line: 40
Warning (10230): Verilog HDL assignment warning at mydesign.v(41): truncated value with size 32 to match size of target (10) File: D:/quartus/mydesign/lab09_2/mydesign.v Line: 41
Warning (10230): Verilog HDL assignment warning at mydesign.v(45): truncated value with size 32 to match size of target (10) File: D:/quartus/mydesign/lab09_2/mydesign.v Line: 45
Warning (10230): Verilog HDL assignment warning at mydesign.v(46): truncated value with size 32 to match size of target (10) File: D:/quartus/mydesign/lab09_2/mydesign.v Line: 46
Warning (10230): Verilog HDL assignment warning at mydesign.v(50): truncated value with size 32 to match size of target (10) File: D:/quartus/mydesign/lab09_2/mydesign.v Line: 50
Warning (10230): Verilog HDL assignment warning at mydesign.v(51): truncated value with size 32 to match size of target (10) File: D:/quartus/mydesign/lab09_2/mydesign.v Line: 51
Warning (10230): Verilog HDL assignment warning at mydesign.v(55): truncated value with size 32 to match size of target (10) File: D:/quartus/mydesign/lab09_2/mydesign.v Line: 55
Warning (10230): Verilog HDL assignment warning at mydesign.v(56): truncated value with size 32 to match size of target (10) File: D:/quartus/mydesign/lab09_2/mydesign.v Line: 56
Info (12128): Elaborating entity "ram_" for hierarchy "ram_:myram" File: D:/quartus/mydesign/lab09_2/lab09_2.v Line: 46
Info (12128): Elaborating entity "altsyncram" for hierarchy "ram_:myram|altsyncram:altsyncram_component" File: D:/quartus/mydesign/lab09_2/ram_.v Line: 88
Info (12130): Elaborated megafunction instantiation "ram_:myram|altsyncram:altsyncram_component" File: D:/quartus/mydesign/lab09_2/ram_.v Line: 88
Info (12133): Instantiated megafunction "ram_:myram|altsyncram:altsyncram_component" with the following parameter: File: D:/quartus/mydesign/lab09_2/ram_.v Line: 88
    Info (12134): Parameter "address_aclr_b" = "NONE"
    Info (12134): Parameter "address_reg_b" = "CLOCK0"
    Info (12134): Parameter "clock_enable_input_a" = "BYPASS"
    Info (12134): Parameter "clock_enable_input_b" = "BYPASS"
    Info (12134): Parameter "clock_enable_output_b" = "BYPASS"
    Info (12134): Parameter "init_file" = "../lab09_1/jpg_to_mif/jpg_to_mif/snow.mif"
    Info (12134): Parameter "intended_device_family" = "Cyclone V"
    Info (12134): Parameter "lpm_type" = "altsyncram"
    Info (12134): Parameter "numwords_a" = "10000"
    Info (12134): Parameter "numwords_b" = "10000"
    Info (12134): Parameter "operation_mode" = "DUAL_PORT"
    Info (12134): Parameter "outdata_aclr_b" = "NONE"
    Info (12134): Parameter "outdata_reg_b" = "CLOCK0"
    Info (12134): Parameter "power_up_uninitialized" = "FALSE"
    Info (12134): Parameter "read_during_write_mode_mixed_ports" = "DONT_CARE"
    Info (12134): Parameter "widthad_a" = "14"
    Info (12134): Parameter "widthad_b" = "14"
    Info (12134): Parameter "width_a" = "12"
    Info (12134): Parameter "width_b" = "12"
    Info (12134): Parameter "width_byteena_a" = "1"
Info (12021): Found 1 design units, including 1 entities, in source file db/altsyncram_7p22.tdf
    Info (12023): Found entity 1: altsyncram_7p22 File: D:/quartus/mydesign/lab09_2/db/altsyncram_7p22.tdf Line: 33
Info (12128): Elaborating entity "altsyncram_7p22" for hierarchy "ram_:myram|altsyncram:altsyncram_component|altsyncram_7p22:auto_generated" File: d:/quartus/quartus/libraries/megafunctions/altsyncram.tdf Line: 791
Info (12021): Found 1 design units, including 1 entities, in source file db/decode_5la.tdf
    Info (12023): Found entity 1: decode_5la File: D:/quartus/mydesign/lab09_2/db/decode_5la.tdf Line: 22
Info (12128): Elaborating entity "decode_5la" for hierarchy "ram_:myram|altsyncram:altsyncram_component|altsyncram_7p22:auto_generated|decode_5la:decode2" File: D:/quartus/mydesign/lab09_2/db/altsyncram_7p22.tdf Line: 45
Info (12021): Found 1 design units, including 1 entities, in source file db/decode_u0a.tdf
    Info (12023): Found entity 1: decode_u0a File: D:/quartus/mydesign/lab09_2/db/decode_u0a.tdf Line: 22
Info (12128): Elaborating entity "decode_u0a" for hierarchy "ram_:myram|altsyncram:altsyncram_component|altsyncram_7p22:auto_generated|decode_u0a:rden_decode_b" File: D:/quartus/mydesign/lab09_2/db/altsyncram_7p22.tdf Line: 46
Info (12021): Found 1 design units, including 1 entities, in source file db/mux_0hb.tdf
    Info (12023): Found entity 1: mux_0hb File: D:/quartus/mydesign/lab09_2/db/mux_0hb.tdf Line: 22
Info (12128): Elaborating entity "mux_0hb" for hierarchy "ram_:myram|altsyncram:altsyncram_component|altsyncram_7p22:auto_generated|mux_0hb:mux3" File: D:/quartus/mydesign/lab09_2/db/altsyncram_7p22.tdf Line: 48
Warning (12241): 1 hierarchies have connectivity warnings - see the Connectivity Checks report folder
Warning (13024): Output pins are stuck at VCC or GND
    Warning (13410): Pin "VGA_B[0]" is stuck at GND File: D:/quartus/mydesign/lab09_2/lab09_2.v Line: 19
    Warning (13410): Pin "VGA_B[1]" is stuck at GND File: D:/quartus/mydesign/lab09_2/lab09_2.v Line: 19
    Warning (13410): Pin "VGA_B[2]" is stuck at GND File: D:/quartus/mydesign/lab09_2/lab09_2.v Line: 19
    Warning (13410): Pin "VGA_B[3]" is stuck at GND File: D:/quartus/mydesign/lab09_2/lab09_2.v Line: 19
    Warning (13410): Pin "VGA_G[0]" is stuck at GND File: D:/quartus/mydesign/lab09_2/lab09_2.v Line: 21
    Warning (13410): Pin "VGA_G[1]" is stuck at GND File: D:/quartus/mydesign/lab09_2/lab09_2.v Line: 21
    Warning (13410): Pin "VGA_G[2]" is stuck at GND File: D:/quartus/mydesign/lab09_2/lab09_2.v Line: 21
    Warning (13410): Pin "VGA_G[3]" is stuck at GND File: D:/quartus/mydesign/lab09_2/lab09_2.v Line: 21
    Warning (13410): Pin "VGA_R[0]" is stuck at GND File: D:/quartus/mydesign/lab09_2/lab09_2.v Line: 23
    Warning (13410): Pin "VGA_R[1]" is stuck at GND File: D:/quartus/mydesign/lab09_2/lab09_2.v Line: 23
    Warning (13410): Pin "VGA_R[2]" is stuck at GND File: D:/quartus/mydesign/lab09_2/lab09_2.v Line: 23
    Warning (13410): Pin "VGA_R[3]" is stuck at GND File: D:/quartus/mydesign/lab09_2/lab09_2.v Line: 23
    Warning (13410): Pin "VGA_SYNC_N" is stuck at GND File: D:/quartus/mydesign/lab09_2/lab09_2.v Line: 24
Info (286030): Timing-Driven Synthesis is running
Info (16010): Generating hard_block partition "hard_block:auto_generated_inst"
    Info (16011): Adding 0 node(s), including 0 DDIO, 0 PLL, 0 transceiver and 0 LCELL
Warning (21074): Design contains 12 input pin(s) that do not drive logic
    Warning (15610): No output dependent on input pin "CLOCK2_50" File: D:/quartus/mydesign/lab09_2/lab09_2.v Line: 9
    Warning (15610): No output dependent on input pin "CLOCK3_50" File: D:/quartus/mydesign/lab09_2/lab09_2.v Line: 10
    Warning (15610): No output dependent on input pin "CLOCK4_50" File: D:/quartus/mydesign/lab09_2/lab09_2.v Line: 11
    Warning (15610): No output dependent on input pin "SW[1]" File: D:/quartus/mydesign/lab09_2/lab09_2.v Line: 15
    Warning (15610): No output dependent on input pin "SW[2]" File: D:/quartus/mydesign/lab09_2/lab09_2.v Line: 15
    Warning (15610): No output dependent on input pin "SW[3]" File: D:/quartus/mydesign/lab09_2/lab09_2.v Line: 15
    Warning (15610): No output dependent on input pin "SW[4]" File: D:/quartus/mydesign/lab09_2/lab09_2.v Line: 15
    Warning (15610): No output dependent on input pin "SW[5]" File: D:/quartus/mydesign/lab09_2/lab09_2.v Line: 15
    Warning (15610): No output dependent on input pin "SW[6]" File: D:/quartus/mydesign/lab09_2/lab09_2.v Line: 15
    Warning (15610): No output dependent on input pin "SW[7]" File: D:/quartus/mydesign/lab09_2/lab09_2.v Line: 15
    Warning (15610): No output dependent on input pin "SW[8]" File: D:/quartus/mydesign/lab09_2/lab09_2.v Line: 15
    Warning (15610): No output dependent on input pin "SW[9]" File: D:/quartus/mydesign/lab09_2/lab09_2.v Line: 15
Info (21057): Implemented 409 device resources after synthesis - the final resource count might be different
    Info (21058): Implemented 14 input pins
    Info (21059): Implemented 29 output pins
    Info (21061): Implemented 341 logic cells
    Info (21064): Implemented 24 RAM segments
    Info (21062): Implemented 1 DSP elements
Info: Quartus Prime Analysis & Synthesis was successful. 0 errors, 37 warnings
    Info: Peak virtual memory: 4849 megabytes
    Info: Processing ended: Fri Nov 08 08:53:59 2019
    Info: Elapsed time: 00:00:12
    Info: Total CPU time (on all processors): 00:00:21


