Analysis & Synthesis report for lab09_1
Sat Nov 23 21:42:20 2019
Quartus Prime Version 17.1.0 Build 590 10/25/2017 SJ Lite Edition


---------------------
; Table of Contents ;
---------------------
  1. Legal Notice
  2. Analysis & Synthesis Summary
  3. Analysis & Synthesis Settings
  4. Parallel Compilation
  5. Analysis & Synthesis Source Files Read
  6. Analysis & Synthesis Resource Usage Summary
  7. Analysis & Synthesis Resource Utilization by Entity
  8. Analysis & Synthesis RAM Summary
  9. Analysis & Synthesis IP Cores Summary
 10. General Register Statistics
 11. Inverted Register Statistics
 12. Multiplexer Restructuring Statistics (Restructuring Performed)
 13. Source assignments for ram_:myram_|altsyncram:altsyncram_component|altsyncram_n922:auto_generated
 14. Parameter Settings for User Entity Instance: clkgen:my_vgaclk
 15. Parameter Settings for User Entity Instance: vga_ctrl:my_vga
 16. Parameter Settings for User Entity Instance: ram_:myram_|altsyncram:altsyncram_component
 17. altsyncram Parameter Settings by Entity Instance
 18. Port Connectivity Checks: "ram_:myram_"
 19. Port Connectivity Checks: "clkgen:my_vgaclk"
 20. Post-Synthesis Netlist Statistics for Top Partition
 21. Elapsed Time Per Partition
 22. Analysis & Synthesis Messages



----------------
; Legal Notice ;
----------------
Copyright (C) 2017  Intel Corporation. All rights reserved.
Your use of Intel Corporation's design tools, logic functions 
and other software and tools, and its AMPP partner logic 
functions, and any output files from any of the foregoing 
(including device programming or simulation files), and any 
associated documentation or information are expressly subject 
to the terms and conditions of the Intel Program License 
Subscription Agreement, the Intel Quartus Prime License Agreement,
the Intel FPGA IP License Agreement, or other applicable license
agreement, including, without limitation, that your use is for
the sole purpose of programming logic devices manufactured by
Intel and sold by Intel or its authorized distributors.  Please
refer to the applicable agreement for further details.



+-------------------------------------------------------------------------------+
; Analysis & Synthesis Summary                                                  ;
+---------------------------------+---------------------------------------------+
; Analysis & Synthesis Status     ; Successful - Sat Nov 23 21:42:20 2019       ;
; Quartus Prime Version           ; 17.1.0 Build 590 10/25/2017 SJ Lite Edition ;
; Revision Name                   ; lab09_1                                     ;
; Top-level Entity Name           ; lab09_1                                     ;
; Family                          ; Cyclone V                                   ;
; Logic utilization (in ALMs)     ; N/A                                         ;
; Total registers                 ; 89                                          ;
; Total pins                      ; 43                                          ;
; Total virtual pins              ; 0                                           ;
; Total block memory bits         ; 3,932,160                                   ;
; Total DSP Blocks                ; 0                                           ;
; Total HSSI RX PCSs              ; 0                                           ;
; Total HSSI PMA RX Deserializers ; 0                                           ;
; Total HSSI TX PCSs              ; 0                                           ;
; Total HSSI PMA TX Serializers   ; 0                                           ;
; Total PLLs                      ; 0                                           ;
; Total DLLs                      ; 0                                           ;
+---------------------------------+---------------------------------------------+


+---------------------------------------------------------------------------------------------------------------------------+
; Analysis & Synthesis Settings                                                                                             ;
+---------------------------------------------------------------------------------+--------------------+--------------------+
; Option                                                                          ; Setting            ; Default Value      ;
+---------------------------------------------------------------------------------+--------------------+--------------------+
; Device                                                                          ; 5CSXFC6D6F31C6     ;                    ;
; Top-level entity name                                                           ; lab09_1            ; lab09_1            ;
; Family name                                                                     ; Cyclone V          ; Cyclone V          ;
; Use smart compilation                                                           ; Off                ; Off                ;
; Enable parallel Assembler and TimeQuest Timing Analyzer during compilation      ; On                 ; On                 ;
; Enable compact report table                                                     ; Off                ; Off                ;
; Restructure Multiplexers                                                        ; Auto               ; Auto               ;
; MLAB Add Timing Constraints For Mixed-Port Feed-Through Mode Setting Don't Care ; Off                ; Off                ;
; Create Debugging Nodes for IP Cores                                             ; Off                ; Off                ;
; Preserve fewer node names                                                       ; On                 ; On                 ;
; Intel FPGA IP Evaluation Mode                                                   ; Enable             ; Enable             ;
; Verilog Version                                                                 ; Verilog_2001       ; Verilog_2001       ;
; VHDL Version                                                                    ; VHDL_1993          ; VHDL_1993          ;
; State Machine Processing                                                        ; Auto               ; Auto               ;
; Safe State Machine                                                              ; Off                ; Off                ;
; Extract Verilog State Machines                                                  ; On                 ; On                 ;
; Extract VHDL State Machines                                                     ; On                 ; On                 ;
; Ignore Verilog initial constructs                                               ; Off                ; Off                ;
; Iteration limit for constant Verilog loops                                      ; 5000               ; 5000               ;
; Iteration limit for non-constant Verilog loops                                  ; 250                ; 250                ;
; Add Pass-Through Logic to Inferred RAMs                                         ; On                 ; On                 ;
; Infer RAMs from Raw Logic                                                       ; On                 ; On                 ;
; Parallel Synthesis                                                              ; On                 ; On                 ;
; DSP Block Balancing                                                             ; Auto               ; Auto               ;
; NOT Gate Push-Back                                                              ; On                 ; On                 ;
; Power-Up Don't Care                                                             ; On                 ; On                 ;
; Remove Redundant Logic Cells                                                    ; Off                ; Off                ;
; Remove Duplicate Registers                                                      ; On                 ; On                 ;
; Ignore CARRY Buffers                                                            ; Off                ; Off                ;
; Ignore CASCADE Buffers                                                          ; Off                ; Off                ;
; Ignore GLOBAL Buffers                                                           ; Off                ; Off                ;
; Ignore ROW GLOBAL Buffers                                                       ; Off                ; Off                ;
; Ignore LCELL Buffers                                                            ; Off                ; Off                ;
; Ignore SOFT Buffers                                                             ; On                 ; On                 ;
; Limit AHDL Integers to 32 Bits                                                  ; Off                ; Off                ;
; Optimization Technique                                                          ; Balanced           ; Balanced           ;
; Carry Chain Length                                                              ; 70                 ; 70                 ;
; Auto Carry Chains                                                               ; On                 ; On                 ;
; Auto Open-Drain Pins                                                            ; On                 ; On                 ;
; Perform WYSIWYG Primitive Resynthesis                                           ; Off                ; Off                ;
; Auto ROM Replacement                                                            ; On                 ; On                 ;
; Auto RAM Replacement                                                            ; On                 ; On                 ;
; Auto DSP Block Replacement                                                      ; On                 ; On                 ;
; Auto Shift Register Replacement                                                 ; Auto               ; Auto               ;
; Allow Shift Register Merging across Hierarchies                                 ; Auto               ; Auto               ;
; Auto Clock Enable Replacement                                                   ; On                 ; On                 ;
; Strict RAM Replacement                                                          ; Off                ; Off                ;
; Allow Synchronous Control Signals                                               ; On                 ; On                 ;
; Force Use of Synchronous Clear Signals                                          ; Off                ; Off                ;
; Auto Resource Sharing                                                           ; Off                ; Off                ;
; Allow Any RAM Size For Recognition                                              ; Off                ; Off                ;
; Allow Any ROM Size For Recognition                                              ; Off                ; Off                ;
; Allow Any Shift Register Size For Recognition                                   ; Off                ; Off                ;
; Use LogicLock Constraints during Resource Balancing                             ; On                 ; On                 ;
; Ignore translate_off and synthesis_off directives                               ; Off                ; Off                ;
; Timing-Driven Synthesis                                                         ; On                 ; On                 ;
; Report Parameter Settings                                                       ; On                 ; On                 ;
; Report Source Assignments                                                       ; On                 ; On                 ;
; Report Connectivity Checks                                                      ; On                 ; On                 ;
; Ignore Maximum Fan-Out Assignments                                              ; Off                ; Off                ;
; Synchronization Register Chain Length                                           ; 3                  ; 3                  ;
; Power Optimization During Synthesis                                             ; Normal compilation ; Normal compilation ;
; HDL message level                                                               ; Level2             ; Level2             ;
; Suppress Register Optimization Related Messages                                 ; Off                ; Off                ;
; Number of Removed Registers Reported in Synthesis Report                        ; 5000               ; 5000               ;
; Number of Swept Nodes Reported in Synthesis Report                              ; 5000               ; 5000               ;
; Number of Inverted Registers Reported in Synthesis Report                       ; 100                ; 100                ;
; Clock MUX Protection                                                            ; On                 ; On                 ;
; Auto Gated Clock Conversion                                                     ; Off                ; Off                ;
; Block Design Naming                                                             ; Auto               ; Auto               ;
; SDC constraint protection                                                       ; Off                ; Off                ;
; Synthesis Effort                                                                ; Auto               ; Auto               ;
; Shift Register Replacement - Allow Asynchronous Clear Signal                    ; On                 ; On                 ;
; Pre-Mapping Resynthesis Optimization                                            ; Off                ; Off                ;
; Analysis & Synthesis Message Level                                              ; Medium             ; Medium             ;
; Disable Register Merging Across Hierarchies                                     ; Auto               ; Auto               ;
; Resource Aware Inference For Block RAM                                          ; On                 ; On                 ;
; Automatic Parallel Synthesis                                                    ; On                 ; On                 ;
; Partial Reconfiguration Bitstream ID                                            ; Off                ; Off                ;
+---------------------------------------------------------------------------------+--------------------+--------------------+


+------------------------------------------+
; Parallel Compilation                     ;
+----------------------------+-------------+
; Processors                 ; Number      ;
+----------------------------+-------------+
; Number detected on machine ; 8           ;
; Maximum allowed            ; 4           ;
;                            ;             ;
; Average used               ; 1.00        ;
; Maximum used               ; 4           ;
;                            ;             ;
; Usage by Processor         ; % Time Used ;
;     Processor 1            ; 100.0%      ;
;     Processor 2            ;   0.0%      ;
;     Processor 3            ;   0.0%      ;
;     Processor 4            ;   0.0%      ;
+----------------------------+-------------+


+--------------------------------------------------------------------------------------------------------------------------------------------------------------------------+
; Analysis & Synthesis Source Files Read                                                                                                                                   ;
+----------------------------------+-----------------+----------------------------------------+------------------------------------------------------------------+---------+
; File Name with User-Entered Path ; Used in Netlist ; File Type                              ; File Name with Absolute Path                                     ; Library ;
+----------------------------------+-----------------+----------------------------------------+------------------------------------------------------------------+---------+
; ram_.v                           ; yes             ; User Wizard-Generated File             ; D:/quartus/mydesign/lab09_1/ram_.v                               ;         ;
; lab09_1.v                        ; yes             ; User Verilog HDL File                  ; D:/quartus/mydesign/lab09_1/lab09_1.v                            ;         ;
; clkgen.v                         ; yes             ; User Verilog HDL File                  ; D:/quartus/mydesign/lab09_1/clkgen.v                             ;         ;
; vga_ctrl.v                       ; yes             ; User Verilog HDL File                  ; D:/quartus/mydesign/lab09_1/vga_ctrl.v                           ;         ;
; mydesign.v                       ; yes             ; User Verilog HDL File                  ; D:/quartus/mydesign/lab09_1/mydesign.v                           ;         ;
; altsyncram.tdf                   ; yes             ; Megafunction                           ; d:/quartus/quartus/libraries/megafunctions/altsyncram.tdf        ;         ;
; stratix_ram_block.inc            ; yes             ; Megafunction                           ; d:/quartus/quartus/libraries/megafunctions/stratix_ram_block.inc ;         ;
; lpm_mux.inc                      ; yes             ; Megafunction                           ; d:/quartus/quartus/libraries/megafunctions/lpm_mux.inc           ;         ;
; lpm_decode.inc                   ; yes             ; Megafunction                           ; d:/quartus/quartus/libraries/megafunctions/lpm_decode.inc        ;         ;
; aglobal171.inc                   ; yes             ; Megafunction                           ; d:/quartus/quartus/libraries/megafunctions/aglobal171.inc        ;         ;
; a_rdenreg.inc                    ; yes             ; Megafunction                           ; d:/quartus/quartus/libraries/megafunctions/a_rdenreg.inc         ;         ;
; altrom.inc                       ; yes             ; Megafunction                           ; d:/quartus/quartus/libraries/megafunctions/altrom.inc            ;         ;
; altram.inc                       ; yes             ; Megafunction                           ; d:/quartus/quartus/libraries/megafunctions/altram.inc            ;         ;
; altdpram.inc                     ; yes             ; Megafunction                           ; d:/quartus/quartus/libraries/megafunctions/altdpram.inc          ;         ;
; db/altsyncram_n922.tdf           ; yes             ; Auto-Generated Megafunction            ; D:/quartus/mydesign/lab09_1/db/altsyncram_n922.tdf               ;         ;
; jpg_to_mif/jpg_to_mif/test.mif   ; yes             ; Auto-Found Memory Initialization File  ; D:/quartus/mydesign/lab09_1/jpg_to_mif/jpg_to_mif/test.mif       ;         ;
; db/decode_sma.tdf                ; yes             ; Auto-Generated Megafunction            ; D:/quartus/mydesign/lab09_1/db/decode_sma.tdf                    ;         ;
; db/decode_l2a.tdf                ; yes             ; Auto-Generated Megafunction            ; D:/quartus/mydesign/lab09_1/db/decode_l2a.tdf                    ;         ;
; db/mux_nib.tdf                   ; yes             ; Auto-Generated Megafunction            ; D:/quartus/mydesign/lab09_1/db/mux_nib.tdf                       ;         ;
+----------------------------------+-----------------+----------------------------------------+------------------------------------------------------------------+---------+


+--------------------------------------------------------------+
; Analysis & Synthesis Resource Usage Summary                  ;
+---------------------------------------------+----------------+
; Resource                                    ; Usage          ;
+---------------------------------------------+----------------+
; Estimate of Logic utilization (ALMs needed) ; 350            ;
;                                             ;                ;
; Combinational ALUT usage for logic          ; 433            ;
;     -- 7 input functions                    ; 24             ;
;     -- 6 input functions                    ; 242            ;
;     -- 5 input functions                    ; 31             ;
;     -- 4 input functions                    ; 27             ;
;     -- <=3 input functions                  ; 109            ;
;                                             ;                ;
; Dedicated logic registers                   ; 89             ;
;                                             ;                ;
; I/O pins                                    ; 43             ;
; Total MLAB memory bits                      ; 0              ;
; Total block memory bits                     ; 3932160        ;
;                                             ;                ;
; Total DSP Blocks                            ; 0              ;
;                                             ;                ;
; Maximum fan-out node                        ; CLOCK_50~input ;
; Maximum fan-out                             ; 549            ;
; Total fan-out                               ; 10155          ;
; Average fan-out                             ; 9.33           ;
+---------------------------------------------+----------------+


+----------------------------------------------------------------------------------------------------------------------------------------------------------------------------------------------------------------------------------------------------------------------------------------------------+
; Analysis & Synthesis Resource Utilization by Entity                                                                                                                                                                                                                                                ;
+-------------------------------------------+---------------------+---------------------------+-------------------+------------+------+--------------+--------------------------------------------------------------------------------------------------------------+-----------------+--------------+
; Compilation Hierarchy Node                ; Combinational ALUTs ; Dedicated Logic Registers ; Block Memory Bits ; DSP Blocks ; Pins ; Virtual Pins ; Full Hierarchy Name                                                                                          ; Entity Name     ; Library Name ;
+-------------------------------------------+---------------------+---------------------------+-------------------+------------+------+--------------+--------------------------------------------------------------------------------------------------------------+-----------------+--------------+
; |lab09_1                                  ; 433 (24)            ; 89 (0)                    ; 3932160           ; 0          ; 43   ; 0            ; |lab09_1                                                                                                     ; lab09_1         ; work         ;
;    |clkgen:my_vgaclk|                     ; 40 (40)             ; 33 (33)                   ; 0                 ; 0          ; 0    ; 0            ; |lab09_1|clkgen:my_vgaclk                                                                                    ; clkgen          ; work         ;
;    |mydesign:whl|                         ; 206 (206)           ; 24 (24)                   ; 0                 ; 0          ; 0    ; 0            ; |lab09_1|mydesign:whl                                                                                        ; mydesign        ; work         ;
;    |ram_:myram_|                          ; 90 (0)              ; 12 (0)                    ; 3932160           ; 0          ; 0    ; 0            ; |lab09_1|ram_:myram_                                                                                         ; ram_            ; work         ;
;       |altsyncram:altsyncram_component|   ; 90 (0)              ; 12 (0)                    ; 3932160           ; 0          ; 0    ; 0            ; |lab09_1|ram_:myram_|altsyncram:altsyncram_component                                                         ; altsyncram      ; work         ;
;          |altsyncram_n922:auto_generated| ; 90 (0)              ; 12 (12)                   ; 3932160           ; 0          ; 0    ; 0            ; |lab09_1|ram_:myram_|altsyncram:altsyncram_component|altsyncram_n922:auto_generated                          ; altsyncram_n922 ; work         ;
;             |decode_l2a:rden_decode_b|    ; 40 (40)             ; 0 (0)                     ; 0                 ; 0          ; 0    ; 0            ; |lab09_1|ram_:myram_|altsyncram:altsyncram_component|altsyncram_n922:auto_generated|decode_l2a:rden_decode_b ; decode_l2a      ; work         ;
;             |mux_nib:mux3|                ; 50 (50)             ; 0 (0)                     ; 0                 ; 0          ; 0    ; 0            ; |lab09_1|ram_:myram_|altsyncram:altsyncram_component|altsyncram_n922:auto_generated|mux_nib:mux3             ; mux_nib         ; work         ;
;    |vga_ctrl:my_vga|                      ; 73 (73)             ; 20 (20)                   ; 0                 ; 0          ; 0    ; 0            ; |lab09_1|vga_ctrl:my_vga                                                                                     ; vga_ctrl        ; work         ;
+-------------------------------------------+---------------------+---------------------------+-------------------+------------+------+--------------+--------------------------------------------------------------------------------------------------------------+-----------------+--------------+
Note: For table entries with two numbers listed, the numbers in parentheses indicate the number of resources of the given type used by the specific entity alone. The numbers listed outside of parentheses indicate the total resources of the given type used by the specific entity and all of its sub-entities in the hierarchy.


+--------------------------------------------------------------------------------------------------------------------------------------------------------------------------------------------------------------------------+
; Analysis & Synthesis RAM Summary                                                                                                                                                                                         ;
+---------------------------------------------------------------------------------------+------+------------------+--------------+--------------+--------------+--------------+---------+----------------------------------+
; Name                                                                                  ; Type ; Mode             ; Port A Depth ; Port A Width ; Port B Depth ; Port B Width ; Size    ; MIF                              ;
+---------------------------------------------------------------------------------------+------+------------------+--------------+--------------+--------------+--------------+---------+----------------------------------+
; ram_:myram_|altsyncram:altsyncram_component|altsyncram_n922:auto_generated|ALTSYNCRAM ; AUTO ; Simple Dual Port ; 327680       ; 12           ; 327680       ; 12           ; 3932160 ; ./jpg_to_mif/jpg_to_mif/test.mif ;
+---------------------------------------------------------------------------------------+------+------------------+--------------+--------------+--------------+--------------+---------+----------------------------------+


+--------------------------------------------------------------------------------------------------------+
; Analysis & Synthesis IP Cores Summary                                                                  ;
+--------+--------------+---------+--------------+--------------+----------------------+-----------------+
; Vendor ; IP Core Name ; Version ; Release Date ; License Type ; Entity Instance      ; IP Include File ;
+--------+--------------+---------+--------------+--------------+----------------------+-----------------+
; Altera ; RAM: 2-PORT  ; 17.1    ; N/A          ; N/A          ; |lab09_1|ram_:myram_ ; ram_.v          ;
+--------+--------------+---------+--------------+--------------+----------------------+-----------------+


+------------------------------------------------------+
; General Register Statistics                          ;
+----------------------------------------------+-------+
; Statistic                                    ; Value ;
+----------------------------------------------+-------+
; Total registers                              ; 89    ;
; Number of registers using Synchronous Clear  ; 56    ;
; Number of registers using Synchronous Load   ; 1     ;
; Number of registers using Asynchronous Clear ; 34    ;
; Number of registers using Asynchronous Load  ; 0     ;
; Number of registers using Clock Enable       ; 9     ;
; Number of registers using Preset             ; 0     ;
+----------------------------------------------+-------+


+--------------------------------------------------+
; Inverted Register Statistics                     ;
+----------------------------------------+---------+
; Inverted Register                      ; Fan out ;
+----------------------------------------+---------+
; vga_ctrl:my_vga|x_cnt[0]               ; 6       ;
; Total number of inverted registers = 1 ;         ;
+----------------------------------------+---------+


+-------------------------------------------------------------------------------------------------------------------------------------------------------------------------------------------------------------------------------------+
; Multiplexer Restructuring Statistics (Restructuring Performed)                                                                                                                                                                      ;
+--------------------+-----------+---------------+----------------------+------------------------+------------+-----------------------------------------------------------------------------------------------------------------------+
; Multiplexer Inputs ; Bus Width ; Baseline Area ; Area if Restructured ; Saving if Restructured ; Registered ; Example Multiplexer Output                                                                                            ;
+--------------------+-----------+---------------+----------------------+------------------------+------------+-----------------------------------------------------------------------------------------------------------------------+
; 3:1                ; 2 bits    ; 4 LEs         ; 4 LEs                ; 0 LEs                  ; Yes        ; |lab09_1|mydesign:whl|vga_data[16]                                                                                    ;
; 3:1                ; 32 bits   ; 64 LEs        ; 0 LEs                ; 64 LEs                 ; Yes        ; |lab09_1|clkgen:my_vgaclk|clkcount[24]                                                                                ;
; 4:1                ; 9 bits    ; 18 LEs        ; 0 LEs                ; 18 LEs                 ; Yes        ; |lab09_1|vga_ctrl:my_vga|y_cnt[1]                                                                                     ;
; 4:1                ; 2 bits    ; 4 LEs         ; 4 LEs                ; 0 LEs                  ; Yes        ; |lab09_1|mydesign:whl|vga_data[19]                                                                                    ;
; 7:1                ; 3 bits    ; 12 LEs        ; 12 LEs               ; 0 LEs                  ; Yes        ; |lab09_1|mydesign:whl|vga_data[10]                                                                                    ;
; 37:1               ; 5 bits    ; 120 LEs       ; 120 LEs              ; 0 LEs                  ; Yes        ; |lab09_1|mydesign:whl|vga_data[5]                                                                                     ;
; 40:1               ; 2 bits    ; 52 LEs        ; 52 LEs               ; 0 LEs                  ; Yes        ; |lab09_1|mydesign:whl|vga_data[4]                                                                                     ;
; 42:1               ; 2 bits    ; 56 LEs        ; 56 LEs               ; 0 LEs                  ; Yes        ; |lab09_1|mydesign:whl|vga_data[21]                                                                                    ;
; 5:1                ; 2 bits    ; 6 LEs         ; 6 LEs                ; 0 LEs                  ; No         ; |lab09_1|mydesign:whl|vga_data                                                                                        ;
; 8:1                ; 12 bits   ; 60 LEs        ; 60 LEs               ; 0 LEs                  ; No         ; |lab09_1|ram_:myram_|altsyncram:altsyncram_component|altsyncram_n922:auto_generated|mux_nib:mux3|l3_w8_n4_mux_dataout ;
+--------------------+-----------+---------------+----------------------+------------------------+------------+-----------------------------------------------------------------------------------------------------------------------+


+---------------------------------------------------------------------------------------------------+
; Source assignments for ram_:myram_|altsyncram:altsyncram_component|altsyncram_n922:auto_generated ;
+---------------------------------+--------------------+------+-------------------------------------+
; Assignment                      ; Value              ; From ; To                                  ;
+---------------------------------+--------------------+------+-------------------------------------+
; OPTIMIZE_POWER_DURING_SYNTHESIS ; NORMAL_COMPILATION ; -    ; -                                   ;
+---------------------------------+--------------------+------+-------------------------------------+


+---------------------------------------------------------------+
; Parameter Settings for User Entity Instance: clkgen:my_vgaclk ;
+----------------+----------+-----------------------------------+
; Parameter Name ; Value    ; Type                              ;
+----------------+----------+-----------------------------------+
; clk_freq       ; 25000000 ; Signed Integer                    ;
; countlimit     ; 1        ; Signed Integer                    ;
+----------------+----------+-----------------------------------+
Note: In order to hide this table in the UI and the text report file, please set the "Show Parameter Settings in Synthesis Report" option in "Analysis and Synthesis Settings -> More Settings" to "Off".


+--------------------------------------------------------------+
; Parameter Settings for User Entity Instance: vga_ctrl:my_vga ;
+----------------+-------+-------------------------------------+
; Parameter Name ; Value ; Type                                ;
+----------------+-------+-------------------------------------+
; h_frontporch   ; 96    ; Signed Integer                      ;
; h_active       ; 144   ; Signed Integer                      ;
; h_backporch    ; 784   ; Signed Integer                      ;
; h_total        ; 800   ; Signed Integer                      ;
; v_frontporch   ; 2     ; Signed Integer                      ;
; v_active       ; 35    ; Signed Integer                      ;
; v_backporch    ; 515   ; Signed Integer                      ;
; v_total        ; 525   ; Signed Integer                      ;
+----------------+-------+-------------------------------------+
Note: In order to hide this table in the UI and the text report file, please set the "Show Parameter Settings in Synthesis Report" option in "Analysis and Synthesis Settings -> More Settings" to "Off".


+------------------------------------------------------------------------------------------+
; Parameter Settings for User Entity Instance: ram_:myram_|altsyncram:altsyncram_component ;
+------------------------------------+----------------------------------+------------------+
; Parameter Name                     ; Value                            ; Type             ;
+------------------------------------+----------------------------------+------------------+
; BYTE_SIZE_BLOCK                    ; 8                                ; Untyped          ;
; AUTO_CARRY_CHAINS                  ; ON                               ; AUTO_CARRY       ;
; IGNORE_CARRY_BUFFERS               ; OFF                              ; IGNORE_CARRY     ;
; AUTO_CASCADE_CHAINS                ; ON                               ; AUTO_CASCADE     ;
; IGNORE_CASCADE_BUFFERS             ; OFF                              ; IGNORE_CASCADE   ;
; WIDTH_BYTEENA                      ; 1                                ; Untyped          ;
; OPERATION_MODE                     ; DUAL_PORT                        ; Untyped          ;
; WIDTH_A                            ; 12                               ; Signed Integer   ;
; WIDTHAD_A                          ; 19                               ; Signed Integer   ;
; NUMWORDS_A                         ; 327680                           ; Signed Integer   ;
; OUTDATA_REG_A                      ; UNREGISTERED                     ; Untyped          ;
; ADDRESS_ACLR_A                     ; NONE                             ; Untyped          ;
; OUTDATA_ACLR_A                     ; NONE                             ; Untyped          ;
; WRCONTROL_ACLR_A                   ; NONE                             ; Untyped          ;
; INDATA_ACLR_A                      ; NONE                             ; Untyped          ;
; BYTEENA_ACLR_A                     ; NONE                             ; Untyped          ;
; WIDTH_B                            ; 12                               ; Signed Integer   ;
; WIDTHAD_B                          ; 19                               ; Signed Integer   ;
; NUMWORDS_B                         ; 327680                           ; Signed Integer   ;
; INDATA_REG_B                       ; CLOCK1                           ; Untyped          ;
; WRCONTROL_WRADDRESS_REG_B          ; CLOCK1                           ; Untyped          ;
; RDCONTROL_REG_B                    ; CLOCK1                           ; Untyped          ;
; ADDRESS_REG_B                      ; CLOCK0                           ; Untyped          ;
; OUTDATA_REG_B                      ; CLOCK0                           ; Untyped          ;
; BYTEENA_REG_B                      ; CLOCK1                           ; Untyped          ;
; INDATA_ACLR_B                      ; NONE                             ; Untyped          ;
; WRCONTROL_ACLR_B                   ; NONE                             ; Untyped          ;
; ADDRESS_ACLR_B                     ; NONE                             ; Untyped          ;
; OUTDATA_ACLR_B                     ; NONE                             ; Untyped          ;
; RDCONTROL_ACLR_B                   ; NONE                             ; Untyped          ;
; BYTEENA_ACLR_B                     ; NONE                             ; Untyped          ;
; WIDTH_BYTEENA_A                    ; 1                                ; Signed Integer   ;
; WIDTH_BYTEENA_B                    ; 1                                ; Untyped          ;
; RAM_BLOCK_TYPE                     ; AUTO                             ; Untyped          ;
; BYTE_SIZE                          ; 8                                ; Untyped          ;
; READ_DURING_WRITE_MODE_MIXED_PORTS ; DONT_CARE                        ; Untyped          ;
; READ_DURING_WRITE_MODE_PORT_A      ; NEW_DATA_NO_NBE_READ             ; Untyped          ;
; READ_DURING_WRITE_MODE_PORT_B      ; NEW_DATA_NO_NBE_READ             ; Untyped          ;
; INIT_FILE                          ; ./jpg_to_mif/jpg_to_mif/test.mif ; Untyped          ;
; INIT_FILE_LAYOUT                   ; PORT_A                           ; Untyped          ;
; MAXIMUM_DEPTH                      ; 0                                ; Untyped          ;
; CLOCK_ENABLE_INPUT_A               ; BYPASS                           ; Untyped          ;
; CLOCK_ENABLE_INPUT_B               ; BYPASS                           ; Untyped          ;
; CLOCK_ENABLE_OUTPUT_A              ; NORMAL                           ; Untyped          ;
; CLOCK_ENABLE_OUTPUT_B              ; BYPASS                           ; Untyped          ;
; CLOCK_ENABLE_CORE_A                ; USE_INPUT_CLKEN                  ; Untyped          ;
; CLOCK_ENABLE_CORE_B                ; USE_INPUT_CLKEN                  ; Untyped          ;
; ENABLE_ECC                         ; FALSE                            ; Untyped          ;
; ECC_PIPELINE_STAGE_ENABLED         ; FALSE                            ; Untyped          ;
; WIDTH_ECCSTATUS                    ; 3                                ; Untyped          ;
; DEVICE_FAMILY                      ; Cyclone V                        ; Untyped          ;
; CBXI_PARAMETER                     ; altsyncram_n922                  ; Untyped          ;
+------------------------------------+----------------------------------+------------------+
Note: In order to hide this table in the UI and the text report file, please set the "Show Parameter Settings in Synthesis Report" option in "Analysis and Synthesis Settings -> More Settings" to "Off".


+-----------------------------------------------------------------------------------------+
; altsyncram Parameter Settings by Entity Instance                                        ;
+-------------------------------------------+---------------------------------------------+
; Name                                      ; Value                                       ;
+-------------------------------------------+---------------------------------------------+
; Number of entity instances                ; 1                                           ;
; Entity Instance                           ; ram_:myram_|altsyncram:altsyncram_component ;
;     -- OPERATION_MODE                     ; DUAL_PORT                                   ;
;     -- WIDTH_A                            ; 12                                          ;
;     -- NUMWORDS_A                         ; 327680                                      ;
;     -- OUTDATA_REG_A                      ; UNREGISTERED                                ;
;     -- WIDTH_B                            ; 12                                          ;
;     -- NUMWORDS_B                         ; 327680                                      ;
;     -- ADDRESS_REG_B                      ; CLOCK0                                      ;
;     -- OUTDATA_REG_B                      ; CLOCK0                                      ;
;     -- RAM_BLOCK_TYPE                     ; AUTO                                        ;
;     -- READ_DURING_WRITE_MODE_MIXED_PORTS ; DONT_CARE                                   ;
+-------------------------------------------+---------------------------------------------+


+---------------------------------------------------------------------------------------------------------------------------------------------------------------------------------------------------------------------------+
; Port Connectivity Checks: "ram_:myram_"                                                                                                                                                                                   ;
+------------------+-------+----------+-------------------------------------------------------------------------------------------------------------------------------------------------------------------------------------+
; Port             ; Type  ; Severity ; Details                                                                                                                                                                             ;
+------------------+-------+----------+-------------------------------------------------------------------------------------------------------------------------------------------------------------------------------------+
; data             ; Input ; Warning  ; Input port expression (32 bits) is wider than the input port (12 bits) it drives.  The 20 most-significant bit(s) in the expression will be dangling if they have no other fanouts. ;
; data[11..0]      ; Input ; Info     ; Stuck at GND                                                                                                                                                                        ;
; rdaddress        ; Input ; Warning  ; Input port expression (32 bits) is wider than the input port (19 bits) it drives.  The 13 most-significant bit(s) in the expression will be dangling if they have no other fanouts. ;
; wraddress        ; Input ; Warning  ; Input port expression (32 bits) is wider than the input port (19 bits) it drives.  The 13 most-significant bit(s) in the expression will be dangling if they have no other fanouts. ;
; wraddress[18..0] ; Input ; Info     ; Stuck at GND                                                                                                                                                                        ;
; wren             ; Input ; Warning  ; Input port expression (32 bits) is wider than the input port (1 bits) it drives.  The 31 most-significant bit(s) in the expression will be dangling if they have no other fanouts.  ;
; wren[-1]         ; Input ; Info     ; Stuck at GND                                                                                                                                                                        ;
+------------------+-------+----------+-------------------------------------------------------------------------------------------------------------------------------------------------------------------------------------+


+----------------------------------------------+
; Port Connectivity Checks: "clkgen:my_vgaclk" ;
+-------+-------+----------+-------------------+
; Port  ; Type  ; Severity ; Details           ;
+-------+-------+----------+-------------------+
; clken ; Input ; Info     ; Stuck at VCC      ;
+-------+-------+----------+-------------------+


+-----------------------------------------------------+
; Post-Synthesis Netlist Statistics for Top Partition ;
+-----------------------+-----------------------------+
; Type                  ; Count                       ;
+-----------------------+-----------------------------+
; arriav_ff             ; 89                          ;
;     CLR               ; 20                          ;
;     CLR SCLR          ; 14                          ;
;     ENA SCLR          ; 9                           ;
;     SCLR              ; 33                          ;
;     SLD               ; 1                           ;
;     plain             ; 12                          ;
; arriav_lcell_comb     ; 434                         ;
;     arith             ; 93                          ;
;         0 data inputs ; 2                           ;
;         1 data inputs ; 70                          ;
;         4 data inputs ; 9                           ;
;         5 data inputs ; 12                          ;
;     extend            ; 24                          ;
;         7 data inputs ; 24                          ;
;     normal            ; 317                         ;
;         0 data inputs ; 1                           ;
;         1 data inputs ; 2                           ;
;         2 data inputs ; 19                          ;
;         3 data inputs ; 16                          ;
;         4 data inputs ; 18                          ;
;         5 data inputs ; 19                          ;
;         6 data inputs ; 242                         ;
; boundary_port         ; 43                          ;
; stratixv_ram_block    ; 480                         ;
;                       ;                             ;
; Max LUT depth         ; 6.80                        ;
; Average LUT depth     ; 4.22                        ;
+-----------------------+-----------------------------+


+-------------------------------+
; Elapsed Time Per Partition    ;
+----------------+--------------+
; Partition Name ; Elapsed Time ;
+----------------+--------------+
; Top            ; 00:00:02     ;
+----------------+--------------+


+-------------------------------+
; Analysis & Synthesis Messages ;
+-------------------------------+
Info: *******************************************************************
Info: Running Quartus Prime Analysis & Synthesis
    Info: Version 17.1.0 Build 590 10/25/2017 SJ Lite Edition
    Info: Processing started: Sat Nov 23 21:42:06 2019
Info: Command: quartus_map --read_settings_files=on --write_settings_files=off lab09_1 -c lab09_1
Warning (18236): Number of processors has not been specified which may cause overloading on shared machines.  Set the global assignment NUM_PARALLEL_PROCESSORS in your QSF to an appropriate value for best performance.
Info (20030): Parallel compilation is enabled and will use 4 of the 4 processors detected
Info (12021): Found 1 design units, including 1 entities, in source file ram_.v
    Info (12023): Found entity 1: ram_ File: D:/quartus/mydesign/lab09_1/ram_.v Line: 39
Info (12021): Found 1 design units, including 1 entities, in source file lab09_1.v
    Info (12023): Found entity 1: lab09_1 File: D:/quartus/mydesign/lab09_1/lab09_1.v Line: 6
Info (12021): Found 1 design units, including 1 entities, in source file clkgen.v
    Info (12023): Found entity 1: clkgen File: D:/quartus/mydesign/lab09_1/clkgen.v Line: 1
Info (12021): Found 1 design units, including 1 entities, in source file vga_ctrl.v
    Info (12023): Found entity 1: vga_ctrl File: D:/quartus/mydesign/lab09_1/vga_ctrl.v Line: 1
Info (12021): Found 1 design units, including 1 entities, in source file mydesign.v
    Info (12023): Found entity 1: mydesign File: D:/quartus/mydesign/lab09_1/mydesign.v Line: 1
Info (12127): Elaborating entity "lab09_1" for the top level hierarchy
Info (12128): Elaborating entity "clkgen" for hierarchy "clkgen:my_vgaclk" File: D:/quartus/mydesign/lab09_1/lab09_1.v Line: 42
Info (12128): Elaborating entity "vga_ctrl" for hierarchy "vga_ctrl:my_vga" File: D:/quartus/mydesign/lab09_1/lab09_1.v Line: 43
Info (12128): Elaborating entity "mydesign" for hierarchy "mydesign:whl" File: D:/quartus/mydesign/lab09_1/lab09_1.v Line: 44
Info (12128): Elaborating entity "ram_" for hierarchy "ram_:myram_" File: D:/quartus/mydesign/lab09_1/lab09_1.v Line: 46
Info (12128): Elaborating entity "altsyncram" for hierarchy "ram_:myram_|altsyncram:altsyncram_component" File: D:/quartus/mydesign/lab09_1/ram_.v Line: 88
Info (12130): Elaborated megafunction instantiation "ram_:myram_|altsyncram:altsyncram_component" File: D:/quartus/mydesign/lab09_1/ram_.v Line: 88
Info (12133): Instantiated megafunction "ram_:myram_|altsyncram:altsyncram_component" with the following parameter: File: D:/quartus/mydesign/lab09_1/ram_.v Line: 88
    Info (12134): Parameter "address_aclr_b" = "NONE"
    Info (12134): Parameter "address_reg_b" = "CLOCK0"
    Info (12134): Parameter "clock_enable_input_a" = "BYPASS"
    Info (12134): Parameter "clock_enable_input_b" = "BYPASS"
    Info (12134): Parameter "clock_enable_output_b" = "BYPASS"
    Info (12134): Parameter "init_file" = "./jpg_to_mif/jpg_to_mif/test.mif"
    Info (12134): Parameter "intended_device_family" = "Cyclone V"
    Info (12134): Parameter "lpm_type" = "altsyncram"
    Info (12134): Parameter "numwords_a" = "327680"
    Info (12134): Parameter "numwords_b" = "327680"
    Info (12134): Parameter "operation_mode" = "DUAL_PORT"
    Info (12134): Parameter "outdata_aclr_b" = "NONE"
    Info (12134): Parameter "outdata_reg_b" = "CLOCK0"
    Info (12134): Parameter "power_up_uninitialized" = "FALSE"
    Info (12134): Parameter "read_during_write_mode_mixed_ports" = "DONT_CARE"
    Info (12134): Parameter "widthad_a" = "19"
    Info (12134): Parameter "widthad_b" = "19"
    Info (12134): Parameter "width_a" = "12"
    Info (12134): Parameter "width_b" = "12"
    Info (12134): Parameter "width_byteena_a" = "1"
Info (12021): Found 1 design units, including 1 entities, in source file db/altsyncram_n922.tdf
    Info (12023): Found entity 1: altsyncram_n922 File: D:/quartus/mydesign/lab09_1/db/altsyncram_n922.tdf Line: 33
Info (12128): Elaborating entity "altsyncram_n922" for hierarchy "ram_:myram_|altsyncram:altsyncram_component|altsyncram_n922:auto_generated" File: d:/quartus/quartus/libraries/megafunctions/altsyncram.tdf Line: 791
Info (12021): Found 1 design units, including 1 entities, in source file db/decode_sma.tdf
    Info (12023): Found entity 1: decode_sma File: D:/quartus/mydesign/lab09_1/db/decode_sma.tdf Line: 22
Info (12128): Elaborating entity "decode_sma" for hierarchy "ram_:myram_|altsyncram:altsyncram_component|altsyncram_n922:auto_generated|decode_sma:decode2" File: D:/quartus/mydesign/lab09_1/db/altsyncram_n922.tdf Line: 45
Info (12021): Found 1 design units, including 1 entities, in source file db/decode_l2a.tdf
    Info (12023): Found entity 1: decode_l2a File: D:/quartus/mydesign/lab09_1/db/decode_l2a.tdf Line: 22
Info (12128): Elaborating entity "decode_l2a" for hierarchy "ram_:myram_|altsyncram:altsyncram_component|altsyncram_n922:auto_generated|decode_l2a:rden_decode_b" File: D:/quartus/mydesign/lab09_1/db/altsyncram_n922.tdf Line: 46
Info (12021): Found 1 design units, including 1 entities, in source file db/mux_nib.tdf
    Info (12023): Found entity 1: mux_nib File: D:/quartus/mydesign/lab09_1/db/mux_nib.tdf Line: 22
Info (12128): Elaborating entity "mux_nib" for hierarchy "ram_:myram_|altsyncram:altsyncram_component|altsyncram_n922:auto_generated|mux_nib:mux3" File: D:/quartus/mydesign/lab09_1/db/altsyncram_n922.tdf Line: 48
Warning (12241): 1 hierarchies have connectivity warnings - see the Connectivity Checks report folder
Warning (13024): Output pins are stuck at VCC or GND
    Warning (13410): Pin "VGA_SYNC_N" is stuck at GND File: D:/quartus/mydesign/lab09_1/lab09_1.v Line: 24
Info (286030): Timing-Driven Synthesis is running
Info (16010): Generating hard_block partition "hard_block:auto_generated_inst"
    Info (16011): Adding 0 node(s), including 0 DDIO, 0 PLL, 0 transceiver and 0 LCELL
Warning (21074): Design contains 10 input pin(s) that do not drive logic
    Warning (15610): No output dependent on input pin "CLOCK2_50" File: D:/quartus/mydesign/lab09_1/lab09_1.v Line: 9
    Warning (15610): No output dependent on input pin "CLOCK3_50" File: D:/quartus/mydesign/lab09_1/lab09_1.v Line: 10
    Warning (15610): No output dependent on input pin "CLOCK4_50" File: D:/quartus/mydesign/lab09_1/lab09_1.v Line: 11
    Warning (15610): No output dependent on input pin "SW[3]" File: D:/quartus/mydesign/lab09_1/lab09_1.v Line: 15
    Warning (15610): No output dependent on input pin "SW[4]" File: D:/quartus/mydesign/lab09_1/lab09_1.v Line: 15
    Warning (15610): No output dependent on input pin "SW[5]" File: D:/quartus/mydesign/lab09_1/lab09_1.v Line: 15
    Warning (15610): No output dependent on input pin "SW[6]" File: D:/quartus/mydesign/lab09_1/lab09_1.v Line: 15
    Warning (15610): No output dependent on input pin "SW[7]" File: D:/quartus/mydesign/lab09_1/lab09_1.v Line: 15
    Warning (15610): No output dependent on input pin "SW[8]" File: D:/quartus/mydesign/lab09_1/lab09_1.v Line: 15
    Warning (15610): No output dependent on input pin "SW[9]" File: D:/quartus/mydesign/lab09_1/lab09_1.v Line: 15
Info (21057): Implemented 1000 device resources after synthesis - the final resource count might be different
    Info (21058): Implemented 14 input pins
    Info (21059): Implemented 29 output pins
    Info (21061): Implemented 477 logic cells
    Info (21064): Implemented 480 RAM segments
Info: Quartus Prime Analysis & Synthesis was successful. 0 errors, 15 warnings
    Info: Peak virtual memory: 4872 megabytes
    Info: Processing ended: Sat Nov 23 21:42:20 2019
    Info: Elapsed time: 00:00:14
    Info: Total CPU time (on all processors): 00:00:26


